2023-11-19 11:44:58,954 [INFO] Activator:176 - 


2023-11-19 11:44:58,956 [INFO] Activator:177 - !SESSION log4j initialized
2023-11-19 11:45:01,557 [INFO] LogOutputStream:77 - [STDOUT_REDIRECT] 
2023-11-19 11:45:11,162 [INFO] ApplicationProperties:184 - Using Application install path: C:\ST\STM32CubeIDE_1.13.2\STM32CubeIDE\plugins\com.st.stm32cube.common.mx_6.9.2.202309101412
2023-11-19 11:45:11,175 [INFO] DbMcusXml:78 - Set database path to: C:\ST\STM32CubeIDE_1.13.2\STM32CubeIDE\plugins\com.st.stm32cube.common.mx_6.9.2.202309101412\\db\/mcu/
2023-11-19 11:45:11,175 [INFO] ApiDb:274 - Set plugin database path to: C:\ST\STM32CubeIDE_1.13.2\STM32CubeIDE\plugins\com.st.stm32cube.common.mx_6.9.2.202309101412\\db\/plugins/boardmanager/
2023-11-19 11:45:11,176 [WARN] ApiDb:259 - Overriding images path with different value:  => C:\ST\STM32CubeIDE_1.13.2\STM32CubeIDE\plugins\com.st.stm32cube.common.mx_6.9.2.202309101412\\db\/plugins/mcufinder/images/
2023-11-19 11:45:11,186 [INFO] ApiDb:250 - Set database path to: C:\Users\david\.stmcufinder\plugins\mcufinder//mcu/
2023-11-19 11:45:11,188 [INFO] DbMcusAds:125 - Set database path to: C:\Users\david\.stmcufinder\plugins\mcufinder//mcu/
2023-11-19 11:45:11,190 [INFO] CrossReferenceDbSqlite:203 - Set database path to: C:\Users\david\.stmcufinder\plugins\mcufinder//mcu/cs/
2023-11-19 11:45:11,281 [INFO] RulesReader:64 - Compatibility file has been processed (293 Rules)
2023-11-19 11:45:11,368 [INFO] DbMcusXml:78 - Set database path to: C:\ST\STM32CubeIDE_1.13.2\STM32CubeIDE\plugins\com.st.stm32cube.common.mx_6.9.2.202309101412\\db\/mcu/
2023-11-19 11:45:11,368 [INFO] ApiDb:274 - Set plugin database path to: C:\ST\STM32CubeIDE_1.13.2\STM32CubeIDE\plugins\com.st.stm32cube.common.mx_6.9.2.202309101412\\db\/plugins/boardmanager/
2023-11-19 11:45:11,368 [INFO] ApiDb:261 - Set plugin images path to: C:\ST\STM32CubeIDE_1.13.2\STM32CubeIDE\plugins\com.st.stm32cube.common.mx_6.9.2.202309101412\\db\/plugins/mcufinder/images/
2023-11-19 11:45:11,368 [WARN] DbFile:41 - Overriding database path with different value: C:\Users\david\.stmcufinder\plugins\mcufinder/ => C:\Users\david\.stmcufinder\plugins\mcufinder
2023-11-19 11:45:11,369 [INFO] ApiDb:250 - Set database path to: C:\Users\david\.stmcufinder\plugins\mcufinder//mcu/
2023-11-19 11:45:11,369 [WARN] DbFile:41 - Overriding database path with different value: C:\Users\david\.stmcufinder\plugins\mcufinder/ => C:\Users\david\.stmcufinder\plugins\mcufinder
2023-11-19 11:45:11,369 [INFO] DbMcusAds:125 - Set database path to: C:\Users\david\.stmcufinder\plugins\mcufinder//mcu/
2023-11-19 11:45:11,369 [WARN] DbFile:41 - Overriding database path with different value: C:\Users\david\.stmcufinder\plugins\mcufinder/ => C:\Users\david\.stmcufinder\plugins\mcufinder
2023-11-19 11:45:11,369 [WARN] DbFile:41 - Overriding database path with different value: C:\Users\david\.stmcufinder\plugins\mcufinder/ => C:\Users\david\.stmcufinder\plugins\mcufinder
2023-11-19 11:45:11,369 [INFO] CrossReferenceDbSqlite:203 - Set database path to: C:\Users\david\.stmcufinder\plugins\mcufinder//mcu/cs/
2023-11-19 11:45:11,444 [INFO] MainPanel:262 - HeapMemory: 268435456
2023-11-19 11:45:11,518 [INFO] DbMcusXml:78 - Set database path to: C:\ST\STM32CubeIDE_1.13.2\STM32CubeIDE\plugins\com.st.stm32cube.common.mx_6.9.2.202309101412\\db\/mcu/
2023-11-19 11:45:11,518 [INFO] ApiDb:274 - Set plugin database path to: C:\ST\STM32CubeIDE_1.13.2\STM32CubeIDE\plugins\com.st.stm32cube.common.mx_6.9.2.202309101412\\db\/plugins/boardmanager/
2023-11-19 11:45:11,518 [INFO] ApiDb:261 - Set plugin images path to: C:\ST\STM32CubeIDE_1.13.2\STM32CubeIDE\plugins\com.st.stm32cube.common.mx_6.9.2.202309101412\\db\/plugins/mcufinder/images/
2023-11-19 11:45:11,519 [WARN] DbFile:41 - Overriding database path with different value: C:\Users\david\.stmcufinder\plugins\mcufinder/ => C:\Users\david\.stmcufinder\plugins\mcufinder
2023-11-19 11:45:11,519 [INFO] ApiDb:250 - Set database path to: C:\Users\david\.stmcufinder\plugins\mcufinder//mcu/
2023-11-19 11:45:11,519 [WARN] DbFile:41 - Overriding database path with different value: C:\Users\david\.stmcufinder\plugins\mcufinder/ => C:\Users\david\.stmcufinder\plugins\mcufinder
2023-11-19 11:45:11,519 [INFO] DbMcusAds:125 - Set database path to: C:\Users\david\.stmcufinder\plugins\mcufinder//mcu/
2023-11-19 11:45:11,519 [WARN] DbFile:41 - Overriding database path with different value: C:\Users\david\.stmcufinder\plugins\mcufinder/ => C:\Users\david\.stmcufinder\plugins\mcufinder
2023-11-19 11:45:11,519 [WARN] DbFile:41 - Overriding database path with different value: C:\Users\david\.stmcufinder\plugins\mcufinder/ => C:\Users\david\.stmcufinder\plugins\mcufinder
2023-11-19 11:45:11,519 [INFO] CrossReferenceDbSqlite:203 - Set database path to: C:\Users\david\.stmcufinder\plugins\mcufinder//mcu/cs/
2023-11-19 11:45:11,536 [INFO] ApplicationProperties:184 - Using Application install path: C:\ST\STM32CubeIDE_1.13.2\STM32CubeIDE\plugins\com.st.stm32cube.common.mx_6.9.2.202309101412
2023-11-19 11:45:11,537 [INFO] PluginManage:196 - Search for loadable plugins [exclusion list=, ]
2023-11-19 11:45:11,538 [INFO] PluginManage:310 - Check plugin analytics
2023-11-19 11:45:11,674 [INFO] AnalyticsPlugin:253 - Accepted Software Licenses: 
2023-11-19 11:45:11,675 [INFO] AnalyticsPlugin:255 - Accepted CMSIS Pack Licenses: 
2023-11-19 11:45:11,675 [INFO] AnalyticsPlugin:257 - Accepted Firmware Licenses: FW.F4.1.27.0
2023-11-19 11:45:11,677 [INFO] PluginManage:359 - Loaded plugin analytics (category:tool,tabindex:-1)
2023-11-19 11:45:11,678 [INFO] PluginManage:310 - Check plugin cadmodel
2023-11-19 11:45:11,684 [INFO] CADModel:105 - Init CAD model plugin
2023-11-19 11:45:11,684 [INFO] PluginManage:359 - Loaded plugin cadmodel (category:power,tabindex:5)
2023-11-19 11:45:11,684 [INFO] PluginManage:310 - Check plugin clock
2023-11-19 11:45:11,694 [INFO] PluginManage:359 - Loaded plugin clock (category:base,tabindex:2)
2023-11-19 11:45:11,694 [INFO] PluginManage:310 - Check plugin ddr
2023-11-19 11:45:11,697 [INFO] PluginManage:359 - Loaded plugin ddr (category:tool,tabindex:6)
2023-11-19 11:45:11,697 [INFO] PluginManage:310 - Check plugin filemanager
2023-11-19 11:45:11,813 [INFO] PluginManage:359 - Loaded plugin filemanager (category:base,tabindex:10)
2023-11-19 11:45:11,813 [INFO] PluginManage:310 - Check plugin ipmanager
2023-11-19 11:45:11,822 [INFO] PluginManage:359 - Loaded plugin ipmanager (category:base,tabindex:5)
2023-11-19 11:45:11,822 [INFO] PluginManage:310 - Check plugin lpbam
2023-11-19 11:45:11,831 [INFO] PluginManage:359 - Loaded plugin lpbam (category:base,tabindex:0)
2023-11-19 11:45:11,831 [INFO] PluginManage:310 - Check plugin memorymap
2023-11-19 11:45:11,842 [INFO] PluginManage:359 - Loaded plugin memorymap (category:base,tabindex:4)
2023-11-19 11:45:11,842 [INFO] PluginManage:310 - Check plugin pinoutandconfiguration
2023-11-19 11:45:11,848 [INFO] PluginManage:359 - Loaded plugin pinoutandconfiguration (category:base,tabindex:1)
2023-11-19 11:45:11,848 [INFO] PluginManage:310 - Check plugin pinoutconfig
2023-11-19 11:45:11,945 [WARN] SupportedApi:132 - Cannot load RTOS API schema: s4s-elt-must-match.1: The content of 'definitions' must match (annotation?, (simpleType | complexType)?, (unique | key | keyref)*)). A problem was found starting at: attribute.
2023-11-19 11:45:12,049 [INFO] PluginManage:359 - Loaded plugin pinoutconfig (category:base,tabindex:0)
2023-11-19 11:45:12,049 [INFO] PluginManage:310 - Check plugin power
2023-11-19 11:45:12,059 [INFO] PluginManage:359 - Loaded plugin power (category:power,tabindex:4)
2023-11-19 11:45:12,059 [INFO] PluginManage:310 - Check plugin projectmanager
2023-11-19 11:45:12,072 [INFO] PluginManage:359 - Loaded plugin projectmanager (category:projectmanager,tabindex:3)
2023-11-19 11:45:12,072 [INFO] PluginManage:310 - Check plugin thirdparty
2023-11-19 11:45:12,201 [INFO] PluginManage:359 - Loaded plugin thirdparty (category:base,tabindex:-1)
2023-11-19 11:45:12,202 [INFO] PluginManage:310 - Check plugin tools
2023-11-19 11:45:12,201 [WARN] IntegrityCheckThread:84 - waiting for thirdparty lock release [integrity check]
2023-11-19 11:45:12,202 [INFO] IntegrityCheckThread:86 - entering critical section [integrity check]
2023-11-19 11:45:12,202 [INFO] ThirdPartyUpdaterWithRetryManager:70 - Updater plugin not ready yet. [1/15]
2023-11-19 11:45:12,205 [INFO] PluginManage:359 - Loaded plugin tools (category:base,tabindex:7)
2023-11-19 11:45:12,205 [INFO] PluginManage:310 - Check plugin tutovideos
2023-11-19 11:45:12,355 [INFO] PluginManage:359 - Loaded plugin tutovideos (category:base,tabindex:-1)
2023-11-19 11:45:12,355 [INFO] PluginManage:310 - Check plugin updater
2023-11-19 11:45:12,364 [INFO] PluginManage:359 - Loaded plugin updater (category:base,tabindex:12)
2023-11-19 11:45:12,365 [INFO] PluginManage:310 - Check plugin userauth
2023-11-19 11:45:12,369 [INFO] UserAuth:113 - Init User Auth plugin
2023-11-19 11:45:12,369 [INFO] PluginManage:359 - Loaded plugin userauth (category:base,tabindex:14)
2023-11-19 11:45:12,369 [INFO] PluginManage:283 - PluginManage : Loaded plugins [17]
2023-11-19 11:45:12,572 [INFO] PinOutPanel:1499 - setPackage(No Configuration,No Configuration)
2023-11-19 11:45:12,687 [INFO] CADModel:165 - CPN selected for project level
2023-11-19 11:45:12,688 [INFO] CADModel:114 - Register for checkConnection events
2023-11-19 11:45:12,701 [INFO] IPUIPlugin:80 - create IPUIPlugin
2023-11-19 11:45:12,701 [INFO] PluginManager:220 - loadIPPluginJar : add adc
2023-11-19 11:45:12,704 [INFO] IPUIPlugin:80 - create IPUIPlugin
2023-11-19 11:45:12,704 [INFO] PluginManager:220 - loadIPPluginJar : add aes
2023-11-19 11:45:12,707 [INFO] IPUIPlugin:80 - create IPUIPlugin
2023-11-19 11:45:12,707 [INFO] PluginManager:220 - loadIPPluginJar : add can
2023-11-19 11:45:12,709 [INFO] IPUIPlugin:80 - create IPUIPlugin
2023-11-19 11:45:12,709 [INFO] PluginManager:220 - loadIPPluginJar : add comp
2023-11-19 11:45:12,712 [INFO] IPUIPlugin:80 - create IPUIPlugin
2023-11-19 11:45:12,712 [INFO] PluginManager:220 - loadIPPluginJar : add cryp
2023-11-19 11:45:12,715 [INFO] IPUIPlugin:80 - create IPUIPlugin
2023-11-19 11:45:12,715 [INFO] PluginManager:220 - loadIPPluginJar : add dfsdm
2023-11-19 11:45:12,720 [INFO] IPUIPlugin:80 - create IPUIPlugin
2023-11-19 11:45:12,721 [INFO] PluginManager:220 - loadIPPluginJar : add dma
2023-11-19 11:45:12,724 [INFO] IPUIPlugin:80 - create IPUIPlugin
2023-11-19 11:45:12,724 [INFO] PluginManager:220 - loadIPPluginJar : add dma3
2023-11-19 11:45:12,726 [INFO] IPUIPlugin:80 - create IPUIPlugin
2023-11-19 11:45:12,726 [INFO] PluginManager:220 - loadIPPluginJar : add fatfs
2023-11-19 11:45:12,730 [INFO] IPUIPlugin:80 - create IPUIPlugin
2023-11-19 11:45:12,730 [INFO] PluginManager:220 - loadIPPluginJar : add fmc
2023-11-19 11:45:12,735 [INFO] IPUIPlugin:80 - create IPUIPlugin
2023-11-19 11:45:12,735 [INFO] PluginManager:220 - loadIPPluginJar : add freertos
2023-11-19 11:45:12,737 [INFO] IPUIPlugin:80 - create IPUIPlugin
2023-11-19 11:45:12,737 [INFO] PluginManager:220 - loadIPPluginJar : add genericplugin
2023-11-19 11:45:12,739 [INFO] IPUIPlugin:80 - create IPUIPlugin
2023-11-19 11:45:12,739 [INFO] PluginManager:220 - loadIPPluginJar : add gfxmmu
2023-11-19 11:45:12,743 [INFO] IPUIPlugin:80 - create IPUIPlugin
2023-11-19 11:45:12,743 [INFO] PluginManager:220 - loadIPPluginJar : add gic
2023-11-19 11:45:12,746 [INFO] IPUIPlugin:80 - create IPUIPlugin
2023-11-19 11:45:12,746 [INFO] PluginManager:220 - loadIPPluginJar : add gpio
2023-11-19 11:45:12,749 [INFO] IPUIPlugin:80 - create IPUIPlugin
2023-11-19 11:45:12,749 [INFO] PluginManager:220 - loadIPPluginJar : add gtzc
2023-11-19 11:45:12,751 [INFO] IPUIPlugin:80 - create IPUIPlugin
2023-11-19 11:45:12,751 [INFO] PluginManager:220 - loadIPPluginJar : add hash
2023-11-19 11:45:12,754 [INFO] IPUIPlugin:80 - create IPUIPlugin
2023-11-19 11:45:12,754 [INFO] PluginManager:220 - loadIPPluginJar : add i2c
2023-11-19 11:45:12,756 [INFO] IPUIPlugin:80 - create IPUIPlugin
2023-11-19 11:45:12,756 [INFO] PluginManager:220 - loadIPPluginJar : add i2s
2023-11-19 11:45:12,759 [INFO] IPUIPlugin:80 - create IPUIPlugin
2023-11-19 11:45:12,759 [INFO] PluginManager:220 - loadIPPluginJar : add i3c
2023-11-19 11:45:12,763 [INFO] IPUIPlugin:80 - create IPUIPlugin
2023-11-19 11:45:12,763 [INFO] PluginManager:220 - loadIPPluginJar : add ipddr
2023-11-19 11:45:12,769 [INFO] IPUIPlugin:80 - create IPUIPlugin
2023-11-19 11:45:12,769 [INFO] PluginManager:220 - loadIPPluginJar : add linkedlist
2023-11-19 11:45:12,772 [INFO] IPUIPlugin:80 - create IPUIPlugin
2023-11-19 11:45:12,772 [INFO] PluginManager:220 - loadIPPluginJar : add lorawan
2023-11-19 11:45:12,774 [INFO] IPUIPlugin:80 - create IPUIPlugin
2023-11-19 11:45:12,774 [INFO] PluginManager:220 - loadIPPluginJar : add ltdc
2023-11-19 11:45:12,780 [INFO] IPUIPlugin:80 - create IPUIPlugin
2023-11-19 11:45:12,780 [INFO] PluginManager:220 - loadIPPluginJar : add mdma
2023-11-19 11:45:12,785 [INFO] IPUIPlugin:80 - create IPUIPlugin
2023-11-19 11:45:12,785 [INFO] PluginManager:220 - loadIPPluginJar : add nvic
2023-11-19 11:45:12,789 [INFO] IPUIPlugin:80 - create IPUIPlugin
2023-11-19 11:45:12,789 [INFO] PluginManager:220 - loadIPPluginJar : add opamp
2023-11-19 11:45:12,792 [INFO] IPUIPlugin:80 - create IPUIPlugin
2023-11-19 11:45:12,792 [INFO] PluginManager:220 - loadIPPluginJar : add openamp
2023-11-19 11:45:12,796 [INFO] IPUIPlugin:80 - create IPUIPlugin
2023-11-19 11:45:12,796 [INFO] PluginManager:220 - loadIPPluginJar : add pdm2pcm
2023-11-19 11:45:12,802 [INFO] IPUIPlugin:80 - create IPUIPlugin
2023-11-19 11:45:12,804 [INFO] PluginManager:220 - loadIPPluginJar : add plateformsettings
2023-11-19 11:45:12,806 [INFO] IPUIPlugin:80 - create IPUIPlugin
2023-11-19 11:45:12,806 [INFO] PluginManager:220 - loadIPPluginJar : add quadspi
2023-11-19 11:45:12,810 [INFO] IPUIPlugin:80 - create IPUIPlugin
2023-11-19 11:45:12,810 [INFO] PluginManager:220 - loadIPPluginJar : add resmgrutility
2023-11-19 11:45:12,814 [INFO] IPUIPlugin:80 - create IPUIPlugin
2023-11-19 11:45:12,814 [INFO] PluginManager:220 - loadIPPluginJar : add sai
2023-11-19 11:45:12,816 [INFO] IPUIPlugin:80 - create IPUIPlugin
2023-11-19 11:45:12,817 [INFO] PluginManager:220 - loadIPPluginJar : add spi
2023-11-19 11:45:12,822 [INFO] IPUIPlugin:80 - create IPUIPlugin
2023-11-19 11:45:12,822 [INFO] PluginManager:220 - loadIPPluginJar : add stm32_wpan
2023-11-19 11:45:12,824 [INFO] IPUIPlugin:80 - create IPUIPlugin
2023-11-19 11:45:12,824 [INFO] PluginManager:220 - loadIPPluginJar : add tim
2023-11-19 11:45:12,828 [INFO] IPUIPlugin:80 - create IPUIPlugin
2023-11-19 11:45:12,828 [INFO] PluginManager:220 - loadIPPluginJar : add touchsensing
2023-11-19 11:45:12,831 [INFO] IPUIPlugin:80 - create IPUIPlugin
2023-11-19 11:45:12,831 [INFO] PluginManager:220 - loadIPPluginJar : add tracer_emb
2023-11-19 11:45:12,833 [INFO] IPUIPlugin:80 - create IPUIPlugin
2023-11-19 11:45:12,833 [INFO] PluginManager:220 - loadIPPluginJar : add ts
2023-11-19 11:45:12,835 [INFO] IPUIPlugin:80 - create IPUIPlugin
2023-11-19 11:45:12,836 [INFO] PluginManager:220 - loadIPPluginJar : add tsc
2023-11-19 11:45:12,837 [INFO] IPUIPlugin:80 - create IPUIPlugin
2023-11-19 11:45:12,837 [INFO] PluginManager:220 - loadIPPluginJar : add ucpd
2023-11-19 11:45:12,840 [INFO] IPUIPlugin:80 - create IPUIPlugin
2023-11-19 11:45:12,840 [INFO] PluginManager:220 - loadIPPluginJar : add usart
2023-11-19 11:45:12,843 [INFO] IPUIPlugin:80 - create IPUIPlugin
2023-11-19 11:45:12,843 [INFO] PluginManager:220 - loadIPPluginJar : add usbx
2023-11-19 11:45:12,968 [INFO] CADModel:165 - CPN selected for project level
2023-11-19 11:45:12,969 [INFO] CADModel:114 - Register for checkConnection events
2023-11-19 11:45:12,969 [FATAL] Updater:308 - Updater called before beeing initialized
2023-11-19 11:45:12,969 [ERROR] CADModel:125 - Updater not yet initialized, retry later 
2023-11-19 11:45:13,096 [INFO] CADModel:165 - CPN selected for project level
2023-11-19 11:45:13,096 [INFO] CADModel:114 - Register for checkConnection events
2023-11-19 11:45:13,096 [FATAL] Updater:308 - Updater called before beeing initialized
2023-11-19 11:45:13,096 [ERROR] CADModel:125 - Updater not yet initialized, retry later 
2023-11-19 11:45:13,100 [FATAL] Updater:308 - Updater called before beeing initialized
2023-11-19 11:45:13,191 [FATAL] Updater:308 - Updater called before beeing initialized
2023-11-19 11:45:13,195 [INFO] DbMcusAds:53 - JSON generation date=Tue Mar 07 03:50:55 EST 2023 (1678179055335)
2023-11-19 11:45:13,195 [FATAL] Updater:308 - Updater called before beeing initialized
2023-11-19 11:45:13,232 [WARN] DetailPanel:346 - Failed to get advertising image, set to default
2023-11-19 11:45:13,338 [FATAL] Updater:308 - Updater called before beeing initialized
2023-11-19 11:45:13,339 [FATAL] Updater:308 - Updater called before beeing initialized
2023-11-19 11:45:13,340 [FATAL] Updater:308 - Updater called before beeing initialized
2023-11-19 11:45:13,340 [WARN] DetailPanel:346 - Failed to get advertising image, set to default
2023-11-19 11:45:13,340 [FATAL] Updater:308 - Updater called before beeing initialized
2023-11-19 11:45:13,382 [ERROR] Updater:1120 - MainUpdater not yet initialized. External WinMGr cannot be set.
2023-11-19 11:45:13,384 [INFO] Updater:1056 - Updater Version found : 6.9.2
2023-11-19 11:45:13,401 [INFO] ApplicationProperties:184 - Using Application install path: C:\ST\STM32CubeIDE_1.13.2\STM32CubeIDE\plugins\com.st.stm32cube.common.mx_6.9.2.202309101412
2023-11-19 11:45:13,501 [INFO] MainUpdater:2868 - connection check result : 10
2023-11-19 11:45:13,502 [INFO] MainUpdater:285 - Updater Check For Update Now.
2023-11-19 11:45:13,502 [INFO] MicroXplorer:498 - Change Database Version : DB.6.0.92
2023-11-19 11:45:13,508 [INFO] McuFinderGlobals:63 - Set McuFinder mode to 2 (CubeIDE integrated)
2023-11-19 11:45:13,667 [INFO] CheckServerUpdateThread:120 - End of CheckServer Thread
2023-11-19 11:45:15,391 [WARN] PackLoader:240 - Cannot read IP mode file for STMicroelectronics.X-CUBE-SMBUS.2.1.0
2023-11-19 11:45:15,419 [WARN] PackLoader:240 - Cannot read IP mode file for STMicroelectronics.X-CUBE-AZRTOS-F7.1.1.0
2023-11-19 11:45:15,444 [WARN] PackLoader:240 - Cannot read IP mode file for STMicroelectronics.FP-SNS-MOTENV1.4.3.2
2023-11-19 11:45:15,452 [WARN] PackLoader:240 - Cannot read IP mode file for STMicroelectronics.FP-SNS-FLIGHT1.5.0.2
2023-11-19 11:45:15,461 [WARN] PackLoader:240 - Cannot read IP mode file for STMicroelectronics.X-CUBE-DISPLAY.3.0.0
2023-11-19 11:45:15,472 [WARN] PackLoader:240 - Cannot read IP mode file for STMicroelectronics.X-CUBE-BLE1.7.0.0
2023-11-19 11:45:15,478 [WARN] PackLoader:240 - Cannot read IP mode file for emotas.I-CUBE-CANOPEN.1.3.0
2023-11-19 11:45:15,483 [WARN] PackLoader:240 - Cannot read IP mode file for STMicroelectronics.X-CUBE-TOUCHGFX.4.22.1
2023-11-19 11:45:15,487 [WARN] PackLoader:240 - Cannot read IP mode file for STMicroelectronics.FP-SNS-SMARTAG2.1.2.0
2023-11-19 11:45:15,497 [INFO] LogOutputStream:77 - [STDOUT_REDIRECT] 1 : Invalid condition id : UX_CORESTACK_Condition cause : null
2023-11-19 11:45:15,497 [INFO] LogOutputStream:77 - [STDOUT_REDIRECT] 1 : Invalid condition id : UX_CORESTACK_Condition cause : null
2023-11-19 11:45:15,499 [INFO] LogOutputStream:77 - [STDOUT_REDIRECT] 1 : Invalid condition id : UX_CORESTACK_Condition cause : null
2023-11-19 11:45:15,500 [INFO] LogOutputStream:77 - [STDOUT_REDIRECT] 1 : Invalid condition id : UX_CORESTACK_Condition cause : null
2023-11-19 11:45:15,501 [INFO] LogOutputStream:77 - [STDOUT_REDIRECT] 1 : Invalid condition id : UX_CORESTACK_Condition cause : null
2023-11-19 11:45:15,505 [WARN] PackLoader:240 - Cannot read IP mode file for STMicroelectronics.X-CUBE-AZRTOS-WL.2.0.0
2023-11-19 11:45:15,514 [WARN] PackLoader:240 - Cannot read IP mode file for WES.I-CUBE-Cesium.1.3.0
2023-11-19 11:45:15,519 [WARN] PackLoader:240 - Cannot read IP mode file for STMicroelectronics.X-CUBE-BLE2.3.3.0
2023-11-19 11:45:15,526 [WARN] PackLoader:240 - Cannot read IP mode file for STMicroelectronics.X-CUBE-ALGOBUILD.1.3.0
2023-11-19 11:45:15,541 [WARN] PackLoader:240 - Cannot read IP mode file for STMicroelectronics.X-CUBE-AZRTOS-G0.1.1.0
2023-11-19 11:45:15,548 [WARN] PackLoader:240 - Cannot read IP mode file for STMicroelectronics.X-CUBE-NFC4.3.0.0
2023-11-19 11:45:15,557 [WARN] PackLoader:240 - Cannot read IP mode file for STMicroelectronics.X-CUBE-BLEMGR.3.0.0
2023-11-19 11:45:15,563 [WARN] PackLoader:240 - Cannot read IP mode file for STMicroelectronics.FP-ATR-SIGFOX1.3.2.0
2023-11-19 11:45:15,568 [WARN] PackLoader:240 - Cannot read IP mode file for STMicroelectronics.X-CUBE-GNSS1.6.0.0
2023-11-19 11:45:15,582 [WARN] PackLoader:240 - Cannot read IP mode file for STMicroelectronics.X-CUBE-AZRTOS-F4.1.1.0
2023-11-19 11:45:15,588 [WARN] PackLoader:240 - Cannot read IP mode file for wolfSSL.I-CUBE-wolfSSL.5.6.3
2023-11-19 11:45:15,600 [WARN] PackLoader:240 - Cannot read IP mode file for STMicroelectronics.X-CUBE-AZRTOS-L5.2.0.0
2023-11-19 11:45:15,606 [WARN] PackLoader:240 - Cannot read IP mode file for STMicroelectronics.X-CUBE-EEPRMA1.4.2.0
2023-11-19 11:45:15,612 [WARN] PackLoader:240 - Cannot read IP mode file for ITTIA_DB.I-CUBE-ITTIADB.8.8.0
2023-11-19 11:45:15,617 [WARN] PackLoader:240 - Cannot read IP mode file for STMicroelectronics.X-CUBE-BLEMGR.2.0.0
2023-11-19 11:45:15,629 [WARN] ConditionMgr:438 - getConditionDescription Invalid condition id : UX DEVICE CLASS RTOS Condition cause : null
2023-11-19 11:45:15,629 [WARN] ConditionMgr:438 - getConditionDescription Invalid condition id : UX DEVICE CLASS RTOS Condition cause : null
2023-11-19 11:45:15,631 [WARN] PackLoader:240 - Cannot read IP mode file for STMicroelectronics.X-CUBE-AZRTOS-H7.3.1.0
2023-11-19 11:45:15,631 [WARN] ConditionMgr:1039 - genDependencies : Invalid condition id : UX DEVICE CLASS RTOS Condition cause : null
2023-11-19 11:45:15,632 [WARN] ConditionMgr:1039 - genDependencies : Invalid condition id : UX DEVICE CLASS RTOS Condition cause : null
2023-11-19 11:45:15,632 [WARN] ConditionMgr:1039 - genDependencies : Invalid condition id : UX DEVICE CLASS RTOS Condition cause : null
2023-11-19 11:45:15,632 [WARN] ConditionMgr:1039 - genDependencies : Invalid condition id : UX DEVICE CLASS RTOS Condition cause : null
2023-11-19 11:45:15,632 [WARN] ConditionMgr:1039 - genDependencies : Invalid condition id : UX DEVICE CLASS RTOS Condition cause : null
2023-11-19 11:45:15,637 [WARN] PackLoader:240 - Cannot read IP mode file for STMicroelectronics.X-CUBE-NFC7.1.0.1
2023-11-19 11:45:15,643 [WARN] PackLoader:240 - Cannot read IP mode file for STMicroelectronics.X-CUBE-NFC6.3.0.0
2023-11-19 11:45:15,647 [WARN] PackLoader:240 - Cannot read IP mode file for STMicroelectronics.X-CUBE-AI.8.1.0
2023-11-19 11:45:15,658 [WARN] ConditionMgr:438 - getConditionDescription Invalid condition id : LAN8742 Phy interface Condition cause : null
2023-11-19 11:45:15,659 [WARN] PackLoader:240 - Cannot read IP mode file for STMicroelectronics.X-CUBE-AZRTOS-L4.2.0.0
2023-11-19 11:45:15,660 [WARN] ConditionMgr:1039 - genDependencies : Invalid condition id : LAN8742 Phy interface Condition cause : null
2023-11-19 11:45:15,660 [WARN] ConditionMgr:1039 - genDependencies : Invalid condition id : LAN8742 Phy interface Condition cause : null
2023-11-19 11:45:15,660 [WARN] ConditionMgr:1039 - genDependencies : Invalid condition id : LAN8742 Phy interface Condition cause : null
2023-11-19 11:45:15,667 [WARN] PackLoader:240 - Cannot read IP mode file for STMicroelectronics.X-CUBE-SFXS2LP1.4.0.0
2023-11-19 11:45:15,671 [WARN] PackLoader:240 - Cannot read IP mode file for STMicroelectronics.X-CUBE-ISPU.1.1.0
2023-11-19 11:45:15,680 [WARN] ConditionMgr:438 - getConditionDescription Invalid condition id : UX DEVICE CLASS RTOS Condition cause : null
2023-11-19 11:45:15,680 [WARN] ConditionMgr:438 - getConditionDescription Invalid condition id : UX DEVICE CLASS RTOS Condition cause : null
2023-11-19 11:45:15,681 [WARN] PackLoader:240 - Cannot read IP mode file for STMicroelectronics.X-CUBE-AZRTOS-WB.2.0.0
2023-11-19 11:45:15,682 [WARN] ConditionMgr:1039 - genDependencies : Invalid condition id : UX DEVICE CLASS RTOS Condition cause : null
2023-11-19 11:45:15,682 [WARN] ConditionMgr:1039 - genDependencies : Invalid condition id : UX DEVICE CLASS RTOS Condition cause : null
2023-11-19 11:45:15,682 [WARN] ConditionMgr:1039 - genDependencies : Invalid condition id : UX DEVICE CLASS RTOS Condition cause : null
2023-11-19 11:45:15,682 [WARN] ConditionMgr:1039 - genDependencies : Invalid condition id : UX DEVICE CLASS RTOS Condition cause : null
2023-11-19 11:45:15,682 [WARN] ConditionMgr:1039 - genDependencies : Invalid condition id : UX DEVICE CLASS RTOS Condition cause : null
2023-11-19 11:45:15,693 [WARN] PackLoader:240 - Cannot read IP mode file for STMicroelectronics.X-CUBE-SUBG2.5.0.0
2023-11-19 11:45:15,707 [WARN] PackLoader:240 - Cannot read IP mode file for STMicroelectronics.X-CUBE-TOF1.3.3.1
2023-11-19 11:45:15,724 [WARN] PackLoader:240 - Cannot read IP mode file for STMicroelectronics.X-CUBE-AZRTOS-G4.2.0.0
2023-11-19 11:45:15,744 [WARN] PackLoader:240 - Cannot read IP mode file for Infineon.AIROC-Wi-Fi-Bluetooth-STM32.1.5.1
2023-11-19 11:45:15,752 [WARN] PackLoader:240 - Cannot read IP mode file for STMicroelectronics.FP-SNS-MOTENVWB1.1.3.0
2023-11-19 11:45:15,783 [WARN] PackLoader:240 - Cannot read IP mode file for STMicroelectronics.X-CUBE-MEMS1.10.0.0
2023-11-19 11:45:15,872 [WARN] PackLoader:240 - Cannot read IP mode file for STMicroelectronics.X-CUBE-FREERTOS.1.1.0
2023-11-19 11:45:15,877 [WARN] PackLoader:240 - Cannot read IP mode file for portGmbH.I-Cube-SoM-uGOAL.1.1.0
2023-11-19 11:45:15,881 [WARN] PackLoader:240 - Cannot read IP mode file for STMicroelectronics.X-CUBE-ALS.1.0.1
2023-11-19 11:45:15,884 [WARN] PackLoader:240 - Cannot read IP mode file for STMicroelectronics.FP-ATR-ASTRA1.2.0.0
2023-11-19 11:45:15,885 [INFO] ThirdParty:978 - Integrity check success = true
2023-11-19 11:45:15,885 [INFO] IntegrityCheckThread:100 - exiting critical section [integrity check]
2023-11-19 11:45:15,885 [INFO] IntegrityCheckThread:103 - End integrity checks thread
2023-11-19 11:48:34,795 [INFO] Activator:176 - 


2023-11-19 11:48:34,797 [INFO] Activator:177 - !SESSION log4j initialized
2023-11-19 11:48:37,434 [INFO] LogOutputStream:77 - [STDOUT_REDIRECT] 
2023-11-19 11:48:39,122 [INFO] ApplicationProperties:184 - Using Application install path: C:\ST\STM32CubeIDE_1.13.2\STM32CubeIDE\plugins\com.st.stm32cube.common.mx_6.9.2.202309101412
2023-11-19 11:48:39,134 [INFO] DbMcusXml:78 - Set database path to: C:\ST\STM32CubeIDE_1.13.2\STM32CubeIDE\plugins\com.st.stm32cube.common.mx_6.9.2.202309101412\\db\/mcu/
2023-11-19 11:48:39,134 [INFO] ApiDb:274 - Set plugin database path to: C:\ST\STM32CubeIDE_1.13.2\STM32CubeIDE\plugins\com.st.stm32cube.common.mx_6.9.2.202309101412\\db\/plugins/boardmanager/
2023-11-19 11:48:39,135 [WARN] ApiDb:259 - Overriding images path with different value:  => C:\ST\STM32CubeIDE_1.13.2\STM32CubeIDE\plugins\com.st.stm32cube.common.mx_6.9.2.202309101412\\db\/plugins/mcufinder/images/
2023-11-19 11:48:39,141 [INFO] ApiDb:250 - Set database path to: C:\Users\david\.stmcufinder\plugins\mcufinder//mcu/
2023-11-19 11:48:39,142 [INFO] DbMcusAds:125 - Set database path to: C:\Users\david\.stmcufinder\plugins\mcufinder//mcu/
2023-11-19 11:48:39,144 [INFO] CrossReferenceDbSqlite:203 - Set database path to: C:\Users\david\.stmcufinder\plugins\mcufinder//mcu/cs/
2023-11-19 11:48:39,225 [INFO] RulesReader:64 - Compatibility file has been processed (293 Rules)
2023-11-19 11:48:39,298 [INFO] DbMcusXml:78 - Set database path to: C:\ST\STM32CubeIDE_1.13.2\STM32CubeIDE\plugins\com.st.stm32cube.common.mx_6.9.2.202309101412\\db\/mcu/
2023-11-19 11:48:39,298 [INFO] ApiDb:274 - Set plugin database path to: C:\ST\STM32CubeIDE_1.13.2\STM32CubeIDE\plugins\com.st.stm32cube.common.mx_6.9.2.202309101412\\db\/plugins/boardmanager/
2023-11-19 11:48:39,298 [INFO] ApiDb:261 - Set plugin images path to: C:\ST\STM32CubeIDE_1.13.2\STM32CubeIDE\plugins\com.st.stm32cube.common.mx_6.9.2.202309101412\\db\/plugins/mcufinder/images/
2023-11-19 11:48:39,298 [WARN] DbFile:41 - Overriding database path with different value: C:\Users\david\.stmcufinder\plugins\mcufinder/ => C:\Users\david\.stmcufinder\plugins\mcufinder
2023-11-19 11:48:39,298 [INFO] ApiDb:250 - Set database path to: C:\Users\david\.stmcufinder\plugins\mcufinder//mcu/
2023-11-19 11:48:39,298 [WARN] DbFile:41 - Overriding database path with different value: C:\Users\david\.stmcufinder\plugins\mcufinder/ => C:\Users\david\.stmcufinder\plugins\mcufinder
2023-11-19 11:48:39,299 [INFO] DbMcusAds:125 - Set database path to: C:\Users\david\.stmcufinder\plugins\mcufinder//mcu/
2023-11-19 11:48:39,299 [WARN] DbFile:41 - Overriding database path with different value: C:\Users\david\.stmcufinder\plugins\mcufinder/ => C:\Users\david\.stmcufinder\plugins\mcufinder
2023-11-19 11:48:39,299 [WARN] DbFile:41 - Overriding database path with different value: C:\Users\david\.stmcufinder\plugins\mcufinder/ => C:\Users\david\.stmcufinder\plugins\mcufinder
2023-11-19 11:48:39,299 [INFO] CrossReferenceDbSqlite:203 - Set database path to: C:\Users\david\.stmcufinder\plugins\mcufinder//mcu/cs/
2023-11-19 11:48:39,357 [INFO] MainPanel:262 - HeapMemory: 268435456
2023-11-19 11:48:39,406 [INFO] DbMcusXml:78 - Set database path to: C:\ST\STM32CubeIDE_1.13.2\STM32CubeIDE\plugins\com.st.stm32cube.common.mx_6.9.2.202309101412\\db\/mcu/
2023-11-19 11:48:39,406 [INFO] ApiDb:274 - Set plugin database path to: C:\ST\STM32CubeIDE_1.13.2\STM32CubeIDE\plugins\com.st.stm32cube.common.mx_6.9.2.202309101412\\db\/plugins/boardmanager/
2023-11-19 11:48:39,406 [INFO] ApiDb:261 - Set plugin images path to: C:\ST\STM32CubeIDE_1.13.2\STM32CubeIDE\plugins\com.st.stm32cube.common.mx_6.9.2.202309101412\\db\/plugins/mcufinder/images/
2023-11-19 11:48:39,406 [WARN] DbFile:41 - Overriding database path with different value: C:\Users\david\.stmcufinder\plugins\mcufinder/ => C:\Users\david\.stmcufinder\plugins\mcufinder
2023-11-19 11:48:39,407 [INFO] ApiDb:250 - Set database path to: C:\Users\david\.stmcufinder\plugins\mcufinder//mcu/
2023-11-19 11:48:39,407 [WARN] DbFile:41 - Overriding database path with different value: C:\Users\david\.stmcufinder\plugins\mcufinder/ => C:\Users\david\.stmcufinder\plugins\mcufinder
2023-11-19 11:48:39,407 [INFO] DbMcusAds:125 - Set database path to: C:\Users\david\.stmcufinder\plugins\mcufinder//mcu/
2023-11-19 11:48:39,407 [WARN] DbFile:41 - Overriding database path with different value: C:\Users\david\.stmcufinder\plugins\mcufinder/ => C:\Users\david\.stmcufinder\plugins\mcufinder
2023-11-19 11:48:39,407 [WARN] DbFile:41 - Overriding database path with different value: C:\Users\david\.stmcufinder\plugins\mcufinder/ => C:\Users\david\.stmcufinder\plugins\mcufinder
2023-11-19 11:48:39,407 [INFO] CrossReferenceDbSqlite:203 - Set database path to: C:\Users\david\.stmcufinder\plugins\mcufinder//mcu/cs/
2023-11-19 11:48:39,422 [INFO] ApplicationProperties:184 - Using Application install path: C:\ST\STM32CubeIDE_1.13.2\STM32CubeIDE\plugins\com.st.stm32cube.common.mx_6.9.2.202309101412
2023-11-19 11:48:39,423 [INFO] PluginManage:196 - Search for loadable plugins [exclusion list=, ]
2023-11-19 11:48:39,424 [INFO] PluginManage:310 - Check plugin analytics
2023-11-19 11:48:39,547 [INFO] AnalyticsPlugin:253 - Accepted Software Licenses: 
2023-11-19 11:48:39,548 [INFO] AnalyticsPlugin:255 - Accepted CMSIS Pack Licenses: 
2023-11-19 11:48:39,548 [INFO] AnalyticsPlugin:257 - Accepted Firmware Licenses: FW.F4.1.27.0
2023-11-19 11:48:39,550 [INFO] PluginManage:359 - Loaded plugin analytics (category:tool,tabindex:-1)
2023-11-19 11:48:39,551 [INFO] PluginManage:310 - Check plugin cadmodel
2023-11-19 11:48:39,555 [INFO] CADModel:105 - Init CAD model plugin
2023-11-19 11:48:39,555 [INFO] PluginManage:359 - Loaded plugin cadmodel (category:power,tabindex:5)
2023-11-19 11:48:39,556 [INFO] PluginManage:310 - Check plugin clock
2023-11-19 11:48:39,563 [INFO] PluginManage:359 - Loaded plugin clock (category:base,tabindex:2)
2023-11-19 11:48:39,564 [INFO] PluginManage:310 - Check plugin ddr
2023-11-19 11:48:39,565 [INFO] PluginManage:359 - Loaded plugin ddr (category:tool,tabindex:6)
2023-11-19 11:48:39,565 [INFO] PluginManage:310 - Check plugin filemanager
2023-11-19 11:48:39,662 [INFO] PluginManage:359 - Loaded plugin filemanager (category:base,tabindex:10)
2023-11-19 11:48:39,662 [INFO] PluginManage:310 - Check plugin ipmanager
2023-11-19 11:48:39,670 [INFO] PluginManage:359 - Loaded plugin ipmanager (category:base,tabindex:5)
2023-11-19 11:48:39,671 [INFO] PluginManage:310 - Check plugin lpbam
2023-11-19 11:48:39,677 [INFO] PluginManage:359 - Loaded plugin lpbam (category:base,tabindex:0)
2023-11-19 11:48:39,677 [INFO] PluginManage:310 - Check plugin memorymap
2023-11-19 11:48:39,685 [INFO] PluginManage:359 - Loaded plugin memorymap (category:base,tabindex:4)
2023-11-19 11:48:39,685 [INFO] PluginManage:310 - Check plugin pinoutandconfiguration
2023-11-19 11:48:39,690 [INFO] PluginManage:359 - Loaded plugin pinoutandconfiguration (category:base,tabindex:1)
2023-11-19 11:48:39,691 [INFO] PluginManage:310 - Check plugin pinoutconfig
2023-11-19 11:48:39,775 [WARN] SupportedApi:132 - Cannot load RTOS API schema: s4s-elt-must-match.1: The content of 'definitions' must match (annotation?, (simpleType | complexType)?, (unique | key | keyref)*)). A problem was found starting at: attribute.
2023-11-19 11:48:39,864 [INFO] PluginManage:359 - Loaded plugin pinoutconfig (category:base,tabindex:0)
2023-11-19 11:48:39,864 [INFO] PluginManage:310 - Check plugin power
2023-11-19 11:48:39,871 [INFO] PluginManage:359 - Loaded plugin power (category:power,tabindex:4)
2023-11-19 11:48:39,871 [INFO] PluginManage:310 - Check plugin projectmanager
2023-11-19 11:48:39,881 [INFO] PluginManage:359 - Loaded plugin projectmanager (category:projectmanager,tabindex:3)
2023-11-19 11:48:39,881 [INFO] PluginManage:310 - Check plugin thirdparty
2023-11-19 11:48:39,972 [INFO] PluginManage:359 - Loaded plugin thirdparty (category:base,tabindex:-1)
2023-11-19 11:48:39,972 [INFO] PluginManage:310 - Check plugin tools
2023-11-19 11:48:39,972 [WARN] IntegrityCheckThread:84 - waiting for thirdparty lock release [integrity check]
2023-11-19 11:48:39,972 [INFO] IntegrityCheckThread:86 - entering critical section [integrity check]
2023-11-19 11:48:39,972 [INFO] ThirdPartyUpdaterWithRetryManager:70 - Updater plugin not ready yet. [1/15]
2023-11-19 11:48:39,975 [INFO] PluginManage:359 - Loaded plugin tools (category:base,tabindex:7)
2023-11-19 11:48:39,975 [INFO] PluginManage:310 - Check plugin tutovideos
2023-11-19 11:48:40,091 [INFO] PluginManage:359 - Loaded plugin tutovideos (category:base,tabindex:-1)
2023-11-19 11:48:40,091 [INFO] PluginManage:310 - Check plugin updater
2023-11-19 11:48:40,098 [INFO] PluginManage:359 - Loaded plugin updater (category:base,tabindex:12)
2023-11-19 11:48:40,098 [INFO] PluginManage:310 - Check plugin userauth
2023-11-19 11:48:40,101 [INFO] UserAuth:113 - Init User Auth plugin
2023-11-19 11:48:40,102 [INFO] PluginManage:359 - Loaded plugin userauth (category:base,tabindex:14)
2023-11-19 11:48:40,102 [INFO] PluginManage:283 - PluginManage : Loaded plugins [17]
2023-11-19 11:48:40,270 [INFO] PinOutPanel:1499 - setPackage(No Configuration,No Configuration)
2023-11-19 11:48:40,374 [INFO] CADModel:165 - CPN selected for project level
2023-11-19 11:48:40,374 [INFO] CADModel:114 - Register for checkConnection events
2023-11-19 11:48:40,385 [INFO] IPUIPlugin:80 - create IPUIPlugin
2023-11-19 11:48:40,385 [INFO] PluginManager:220 - loadIPPluginJar : add adc
2023-11-19 11:48:40,387 [INFO] IPUIPlugin:80 - create IPUIPlugin
2023-11-19 11:48:40,387 [INFO] PluginManager:220 - loadIPPluginJar : add aes
2023-11-19 11:48:40,389 [INFO] IPUIPlugin:80 - create IPUIPlugin
2023-11-19 11:48:40,389 [INFO] PluginManager:220 - loadIPPluginJar : add can
2023-11-19 11:48:40,390 [INFO] IPUIPlugin:80 - create IPUIPlugin
2023-11-19 11:48:40,390 [INFO] PluginManager:220 - loadIPPluginJar : add comp
2023-11-19 11:48:40,392 [INFO] IPUIPlugin:80 - create IPUIPlugin
2023-11-19 11:48:40,392 [INFO] PluginManager:220 - loadIPPluginJar : add cryp
2023-11-19 11:48:40,394 [INFO] IPUIPlugin:80 - create IPUIPlugin
2023-11-19 11:48:40,394 [INFO] PluginManager:220 - loadIPPluginJar : add dfsdm
2023-11-19 11:48:40,398 [INFO] IPUIPlugin:80 - create IPUIPlugin
2023-11-19 11:48:40,398 [INFO] PluginManager:220 - loadIPPluginJar : add dma
2023-11-19 11:48:40,400 [INFO] IPUIPlugin:80 - create IPUIPlugin
2023-11-19 11:48:40,400 [INFO] PluginManager:220 - loadIPPluginJar : add dma3
2023-11-19 11:48:40,401 [INFO] IPUIPlugin:80 - create IPUIPlugin
2023-11-19 11:48:40,401 [INFO] PluginManager:220 - loadIPPluginJar : add fatfs
2023-11-19 11:48:40,405 [INFO] IPUIPlugin:80 - create IPUIPlugin
2023-11-19 11:48:40,405 [INFO] PluginManager:220 - loadIPPluginJar : add fmc
2023-11-19 11:48:40,409 [INFO] IPUIPlugin:80 - create IPUIPlugin
2023-11-19 11:48:40,409 [INFO] PluginManager:220 - loadIPPluginJar : add freertos
2023-11-19 11:48:40,411 [INFO] IPUIPlugin:80 - create IPUIPlugin
2023-11-19 11:48:40,411 [INFO] PluginManager:220 - loadIPPluginJar : add genericplugin
2023-11-19 11:48:40,413 [INFO] IPUIPlugin:80 - create IPUIPlugin
2023-11-19 11:48:40,413 [INFO] PluginManager:220 - loadIPPluginJar : add gfxmmu
2023-11-19 11:48:40,417 [INFO] IPUIPlugin:80 - create IPUIPlugin
2023-11-19 11:48:40,417 [INFO] PluginManager:220 - loadIPPluginJar : add gic
2023-11-19 11:48:40,421 [INFO] IPUIPlugin:80 - create IPUIPlugin
2023-11-19 11:48:40,421 [INFO] PluginManager:220 - loadIPPluginJar : add gpio
2023-11-19 11:48:40,423 [INFO] IPUIPlugin:80 - create IPUIPlugin
2023-11-19 11:48:40,423 [INFO] PluginManager:220 - loadIPPluginJar : add gtzc
2023-11-19 11:48:40,425 [INFO] IPUIPlugin:80 - create IPUIPlugin
2023-11-19 11:48:40,425 [INFO] PluginManager:220 - loadIPPluginJar : add hash
2023-11-19 11:48:40,428 [INFO] IPUIPlugin:80 - create IPUIPlugin
2023-11-19 11:48:40,428 [INFO] PluginManager:220 - loadIPPluginJar : add i2c
2023-11-19 11:48:40,430 [INFO] IPUIPlugin:80 - create IPUIPlugin
2023-11-19 11:48:40,430 [INFO] PluginManager:220 - loadIPPluginJar : add i2s
2023-11-19 11:48:40,433 [INFO] IPUIPlugin:80 - create IPUIPlugin
2023-11-19 11:48:40,433 [INFO] PluginManager:220 - loadIPPluginJar : add i3c
2023-11-19 11:48:40,436 [INFO] IPUIPlugin:80 - create IPUIPlugin
2023-11-19 11:48:40,436 [INFO] PluginManager:220 - loadIPPluginJar : add ipddr
2023-11-19 11:48:40,441 [INFO] IPUIPlugin:80 - create IPUIPlugin
2023-11-19 11:48:40,442 [INFO] PluginManager:220 - loadIPPluginJar : add linkedlist
2023-11-19 11:48:40,444 [INFO] IPUIPlugin:80 - create IPUIPlugin
2023-11-19 11:48:40,444 [INFO] PluginManager:220 - loadIPPluginJar : add lorawan
2023-11-19 11:48:40,445 [INFO] IPUIPlugin:80 - create IPUIPlugin
2023-11-19 11:48:40,446 [INFO] PluginManager:220 - loadIPPluginJar : add ltdc
2023-11-19 11:48:40,450 [INFO] IPUIPlugin:80 - create IPUIPlugin
2023-11-19 11:48:40,450 [INFO] PluginManager:220 - loadIPPluginJar : add mdma
2023-11-19 11:48:40,454 [INFO] IPUIPlugin:80 - create IPUIPlugin
2023-11-19 11:48:40,454 [INFO] PluginManager:220 - loadIPPluginJar : add nvic
2023-11-19 11:48:40,456 [INFO] IPUIPlugin:80 - create IPUIPlugin
2023-11-19 11:48:40,456 [INFO] PluginManager:220 - loadIPPluginJar : add opamp
2023-11-19 11:48:40,458 [INFO] IPUIPlugin:80 - create IPUIPlugin
2023-11-19 11:48:40,458 [INFO] PluginManager:220 - loadIPPluginJar : add openamp
2023-11-19 11:48:40,460 [INFO] IPUIPlugin:80 - create IPUIPlugin
2023-11-19 11:48:40,461 [INFO] PluginManager:220 - loadIPPluginJar : add pdm2pcm
2023-11-19 11:48:40,465 [INFO] IPUIPlugin:80 - create IPUIPlugin
2023-11-19 11:48:40,467 [INFO] PluginManager:220 - loadIPPluginJar : add plateformsettings
2023-11-19 11:48:40,469 [INFO] IPUIPlugin:80 - create IPUIPlugin
2023-11-19 11:48:40,469 [INFO] PluginManager:220 - loadIPPluginJar : add quadspi
2023-11-19 11:48:40,472 [INFO] IPUIPlugin:80 - create IPUIPlugin
2023-11-19 11:48:40,472 [INFO] PluginManager:220 - loadIPPluginJar : add resmgrutility
2023-11-19 11:48:40,475 [INFO] IPUIPlugin:80 - create IPUIPlugin
2023-11-19 11:48:40,475 [INFO] PluginManager:220 - loadIPPluginJar : add sai
2023-11-19 11:48:40,477 [INFO] IPUIPlugin:80 - create IPUIPlugin
2023-11-19 11:48:40,477 [INFO] PluginManager:220 - loadIPPluginJar : add spi
2023-11-19 11:48:40,482 [INFO] IPUIPlugin:80 - create IPUIPlugin
2023-11-19 11:48:40,482 [INFO] PluginManager:220 - loadIPPluginJar : add stm32_wpan
2023-11-19 11:48:40,483 [INFO] IPUIPlugin:80 - create IPUIPlugin
2023-11-19 11:48:40,484 [INFO] PluginManager:220 - loadIPPluginJar : add tim
2023-11-19 11:48:40,487 [INFO] IPUIPlugin:80 - create IPUIPlugin
2023-11-19 11:48:40,487 [INFO] PluginManager:220 - loadIPPluginJar : add touchsensing
2023-11-19 11:48:40,489 [INFO] IPUIPlugin:80 - create IPUIPlugin
2023-11-19 11:48:40,489 [INFO] PluginManager:220 - loadIPPluginJar : add tracer_emb
2023-11-19 11:48:40,491 [INFO] IPUIPlugin:80 - create IPUIPlugin
2023-11-19 11:48:40,491 [INFO] PluginManager:220 - loadIPPluginJar : add ts
2023-11-19 11:48:40,492 [INFO] IPUIPlugin:80 - create IPUIPlugin
2023-11-19 11:48:40,493 [INFO] PluginManager:220 - loadIPPluginJar : add tsc
2023-11-19 11:48:40,494 [INFO] IPUIPlugin:80 - create IPUIPlugin
2023-11-19 11:48:40,494 [INFO] PluginManager:220 - loadIPPluginJar : add ucpd
2023-11-19 11:48:40,497 [INFO] IPUIPlugin:80 - create IPUIPlugin
2023-11-19 11:48:40,497 [INFO] PluginManager:220 - loadIPPluginJar : add usart
2023-11-19 11:48:40,501 [INFO] IPUIPlugin:80 - create IPUIPlugin
2023-11-19 11:48:40,501 [INFO] PluginManager:220 - loadIPPluginJar : add usbx
2023-11-19 11:48:40,624 [INFO] CADModel:165 - CPN selected for project level
2023-11-19 11:48:40,624 [INFO] CADModel:114 - Register for checkConnection events
2023-11-19 11:48:40,625 [FATAL] Updater:308 - Updater called before beeing initialized
2023-11-19 11:48:40,625 [ERROR] CADModel:125 - Updater not yet initialized, retry later 
2023-11-19 11:48:40,733 [INFO] CADModel:165 - CPN selected for project level
2023-11-19 11:48:40,733 [INFO] CADModel:114 - Register for checkConnection events
2023-11-19 11:48:40,733 [FATAL] Updater:308 - Updater called before beeing initialized
2023-11-19 11:48:40,733 [ERROR] CADModel:125 - Updater not yet initialized, retry later 
2023-11-19 11:48:40,736 [FATAL] Updater:308 - Updater called before beeing initialized
2023-11-19 11:48:40,822 [FATAL] Updater:308 - Updater called before beeing initialized
2023-11-19 11:48:40,827 [INFO] DbMcusAds:53 - JSON generation date=Tue Mar 07 03:50:55 EST 2023 (1678179055335)
2023-11-19 11:48:40,827 [FATAL] Updater:308 - Updater called before beeing initialized
2023-11-19 11:48:40,860 [WARN] DetailPanel:346 - Failed to get advertising image, set to default
2023-11-19 11:48:40,963 [FATAL] Updater:308 - Updater called before beeing initialized
2023-11-19 11:48:40,964 [FATAL] Updater:308 - Updater called before beeing initialized
2023-11-19 11:48:40,964 [FATAL] Updater:308 - Updater called before beeing initialized
2023-11-19 11:48:40,965 [WARN] DetailPanel:346 - Failed to get advertising image, set to default
2023-11-19 11:48:40,965 [FATAL] Updater:308 - Updater called before beeing initialized
2023-11-19 11:48:41,001 [ERROR] Updater:1120 - MainUpdater not yet initialized. External WinMGr cannot be set.
2023-11-19 11:48:41,002 [INFO] Updater:1056 - Updater Version found : 6.9.2
2023-11-19 11:48:41,014 [INFO] ApplicationProperties:184 - Using Application install path: C:\ST\STM32CubeIDE_1.13.2\STM32CubeIDE\plugins\com.st.stm32cube.common.mx_6.9.2.202309101412
2023-11-19 11:48:41,088 [INFO] MainUpdater:2868 - connection check result : 10
2023-11-19 11:48:41,089 [INFO] MainUpdater:285 - Updater Check For Update Now.
2023-11-19 11:48:41,089 [INFO] MicroXplorer:498 - Change Database Version : DB.6.0.92
2023-11-19 11:48:41,094 [INFO] McuFinderGlobals:63 - Set McuFinder mode to 2 (CubeIDE integrated)
2023-11-19 11:48:41,255 [INFO] CheckServerUpdateThread:120 - End of CheckServer Thread
2023-11-19 11:48:43,136 [WARN] PackLoader:240 - Cannot read IP mode file for STMicroelectronics.X-CUBE-SMBUS.2.1.0
2023-11-19 11:48:43,164 [WARN] PackLoader:240 - Cannot read IP mode file for STMicroelectronics.X-CUBE-AZRTOS-F7.1.1.0
2023-11-19 11:48:43,175 [WARN] PackLoader:240 - Cannot read IP mode file for STMicroelectronics.FP-SNS-MOTENV1.4.3.2
2023-11-19 11:48:43,183 [WARN] PackLoader:240 - Cannot read IP mode file for STMicroelectronics.FP-SNS-FLIGHT1.5.0.2
2023-11-19 11:48:43,191 [WARN] PackLoader:240 - Cannot read IP mode file for STMicroelectronics.X-CUBE-DISPLAY.3.0.0
2023-11-19 11:48:43,203 [WARN] PackLoader:240 - Cannot read IP mode file for STMicroelectronics.X-CUBE-BLE1.7.0.0
2023-11-19 11:48:43,208 [WARN] PackLoader:240 - Cannot read IP mode file for emotas.I-CUBE-CANOPEN.1.3.0
2023-11-19 11:48:43,212 [WARN] PackLoader:240 - Cannot read IP mode file for STMicroelectronics.X-CUBE-TOUCHGFX.4.22.1
2023-11-19 11:48:43,217 [WARN] PackLoader:240 - Cannot read IP mode file for STMicroelectronics.FP-SNS-SMARTAG2.1.2.0
2023-11-19 11:48:43,228 [INFO] LogOutputStream:77 - [STDOUT_REDIRECT] 1 : Invalid condition id : UX_CORESTACK_Condition cause : null
2023-11-19 11:48:43,229 [INFO] LogOutputStream:77 - [STDOUT_REDIRECT] 1 : Invalid condition id : UX_CORESTACK_Condition cause : null
2023-11-19 11:48:43,230 [INFO] LogOutputStream:77 - [STDOUT_REDIRECT] 1 : Invalid condition id : UX_CORESTACK_Condition cause : null
2023-11-19 11:48:43,231 [INFO] LogOutputStream:77 - [STDOUT_REDIRECT] 1 : Invalid condition id : UX_CORESTACK_Condition cause : null
2023-11-19 11:48:43,231 [INFO] LogOutputStream:77 - [STDOUT_REDIRECT] 1 : Invalid condition id : UX_CORESTACK_Condition cause : null
2023-11-19 11:48:43,235 [WARN] PackLoader:240 - Cannot read IP mode file for STMicroelectronics.X-CUBE-AZRTOS-WL.2.0.0
2023-11-19 11:48:43,245 [WARN] PackLoader:240 - Cannot read IP mode file for WES.I-CUBE-Cesium.1.3.0
2023-11-19 11:48:43,250 [WARN] PackLoader:240 - Cannot read IP mode file for STMicroelectronics.X-CUBE-BLE2.3.3.0
2023-11-19 11:48:43,256 [WARN] PackLoader:240 - Cannot read IP mode file for STMicroelectronics.X-CUBE-ALGOBUILD.1.3.0
2023-11-19 11:48:43,272 [WARN] PackLoader:240 - Cannot read IP mode file for STMicroelectronics.X-CUBE-AZRTOS-G0.1.1.0
2023-11-19 11:48:43,280 [WARN] PackLoader:240 - Cannot read IP mode file for STMicroelectronics.X-CUBE-NFC4.3.0.0
2023-11-19 11:48:43,288 [WARN] PackLoader:240 - Cannot read IP mode file for STMicroelectronics.X-CUBE-BLEMGR.3.0.0
2023-11-19 11:48:43,293 [WARN] PackLoader:240 - Cannot read IP mode file for STMicroelectronics.FP-ATR-SIGFOX1.3.2.0
2023-11-19 11:48:43,298 [WARN] PackLoader:240 - Cannot read IP mode file for STMicroelectronics.X-CUBE-GNSS1.6.0.0
2023-11-19 11:48:43,312 [WARN] PackLoader:240 - Cannot read IP mode file for STMicroelectronics.X-CUBE-AZRTOS-F4.1.1.0
2023-11-19 11:48:43,318 [WARN] PackLoader:240 - Cannot read IP mode file for wolfSSL.I-CUBE-wolfSSL.5.6.3
2023-11-19 11:48:43,332 [WARN] PackLoader:240 - Cannot read IP mode file for STMicroelectronics.X-CUBE-AZRTOS-L5.2.0.0
2023-11-19 11:48:43,339 [WARN] PackLoader:240 - Cannot read IP mode file for STMicroelectronics.X-CUBE-EEPRMA1.4.2.0
2023-11-19 11:48:43,345 [WARN] PackLoader:240 - Cannot read IP mode file for ITTIA_DB.I-CUBE-ITTIADB.8.8.0
2023-11-19 11:48:43,350 [WARN] PackLoader:240 - Cannot read IP mode file for STMicroelectronics.X-CUBE-BLEMGR.2.0.0
2023-11-19 11:48:43,365 [WARN] ConditionMgr:438 - getConditionDescription Invalid condition id : UX DEVICE CLASS RTOS Condition cause : null
2023-11-19 11:48:43,365 [WARN] ConditionMgr:438 - getConditionDescription Invalid condition id : UX DEVICE CLASS RTOS Condition cause : null
2023-11-19 11:48:43,367 [WARN] PackLoader:240 - Cannot read IP mode file for STMicroelectronics.X-CUBE-AZRTOS-H7.3.1.0
2023-11-19 11:48:43,367 [WARN] ConditionMgr:1039 - genDependencies : Invalid condition id : UX DEVICE CLASS RTOS Condition cause : null
2023-11-19 11:48:43,367 [WARN] ConditionMgr:1039 - genDependencies : Invalid condition id : UX DEVICE CLASS RTOS Condition cause : null
2023-11-19 11:48:43,368 [WARN] ConditionMgr:1039 - genDependencies : Invalid condition id : UX DEVICE CLASS RTOS Condition cause : null
2023-11-19 11:48:43,368 [WARN] ConditionMgr:1039 - genDependencies : Invalid condition id : UX DEVICE CLASS RTOS Condition cause : null
2023-11-19 11:48:43,368 [WARN] ConditionMgr:1039 - genDependencies : Invalid condition id : UX DEVICE CLASS RTOS Condition cause : null
2023-11-19 11:48:43,373 [WARN] PackLoader:240 - Cannot read IP mode file for STMicroelectronics.X-CUBE-NFC7.1.0.1
2023-11-19 11:48:43,383 [WARN] PackLoader:240 - Cannot read IP mode file for STMicroelectronics.X-CUBE-NFC6.3.0.0
2023-11-19 11:48:43,387 [WARN] PackLoader:240 - Cannot read IP mode file for STMicroelectronics.X-CUBE-AI.8.1.0
2023-11-19 11:48:43,399 [WARN] ConditionMgr:438 - getConditionDescription Invalid condition id : LAN8742 Phy interface Condition cause : null
2023-11-19 11:48:43,400 [WARN] PackLoader:240 - Cannot read IP mode file for STMicroelectronics.X-CUBE-AZRTOS-L4.2.0.0
2023-11-19 11:48:43,401 [WARN] ConditionMgr:1039 - genDependencies : Invalid condition id : LAN8742 Phy interface Condition cause : null
2023-11-19 11:48:43,401 [WARN] ConditionMgr:1039 - genDependencies : Invalid condition id : LAN8742 Phy interface Condition cause : null
2023-11-19 11:48:43,401 [WARN] ConditionMgr:1039 - genDependencies : Invalid condition id : LAN8742 Phy interface Condition cause : null
2023-11-19 11:48:43,417 [WARN] PackLoader:240 - Cannot read IP mode file for STMicroelectronics.X-CUBE-SFXS2LP1.4.0.0
2023-11-19 11:48:43,422 [WARN] PackLoader:240 - Cannot read IP mode file for STMicroelectronics.X-CUBE-ISPU.1.1.0
2023-11-19 11:48:43,431 [WARN] ConditionMgr:438 - getConditionDescription Invalid condition id : UX DEVICE CLASS RTOS Condition cause : null
2023-11-19 11:48:43,432 [WARN] ConditionMgr:438 - getConditionDescription Invalid condition id : UX DEVICE CLASS RTOS Condition cause : null
2023-11-19 11:48:43,442 [WARN] PackLoader:240 - Cannot read IP mode file for STMicroelectronics.X-CUBE-AZRTOS-WB.2.0.0
2023-11-19 11:48:43,442 [WARN] ConditionMgr:1039 - genDependencies : Invalid condition id : UX DEVICE CLASS RTOS Condition cause : null
2023-11-19 11:48:43,442 [WARN] ConditionMgr:1039 - genDependencies : Invalid condition id : UX DEVICE CLASS RTOS Condition cause : null
2023-11-19 11:48:43,443 [WARN] ConditionMgr:1039 - genDependencies : Invalid condition id : UX DEVICE CLASS RTOS Condition cause : null
2023-11-19 11:48:43,443 [WARN] ConditionMgr:1039 - genDependencies : Invalid condition id : UX DEVICE CLASS RTOS Condition cause : null
2023-11-19 11:48:43,443 [WARN] ConditionMgr:1039 - genDependencies : Invalid condition id : UX DEVICE CLASS RTOS Condition cause : null
2023-11-19 11:48:43,450 [WARN] PackLoader:240 - Cannot read IP mode file for STMicroelectronics.X-CUBE-SUBG2.5.0.0
2023-11-19 11:48:43,459 [WARN] PackLoader:240 - Cannot read IP mode file for STMicroelectronics.X-CUBE-TOF1.3.3.1
2023-11-19 11:48:43,476 [WARN] PackLoader:240 - Cannot read IP mode file for STMicroelectronics.X-CUBE-AZRTOS-G4.2.0.0
2023-11-19 11:48:43,486 [WARN] PackLoader:240 - Cannot read IP mode file for Infineon.AIROC-Wi-Fi-Bluetooth-STM32.1.5.1
2023-11-19 11:48:43,492 [WARN] PackLoader:240 - Cannot read IP mode file for STMicroelectronics.FP-SNS-MOTENVWB1.1.3.0
2023-11-19 11:48:43,516 [WARN] PackLoader:240 - Cannot read IP mode file for STMicroelectronics.X-CUBE-MEMS1.10.0.0
2023-11-19 11:48:43,617 [WARN] PackLoader:240 - Cannot read IP mode file for STMicroelectronics.X-CUBE-FREERTOS.1.1.0
2023-11-19 11:48:43,621 [WARN] PackLoader:240 - Cannot read IP mode file for portGmbH.I-Cube-SoM-uGOAL.1.1.0
2023-11-19 11:48:43,625 [WARN] PackLoader:240 - Cannot read IP mode file for STMicroelectronics.X-CUBE-ALS.1.0.1
2023-11-19 11:48:43,628 [WARN] PackLoader:240 - Cannot read IP mode file for STMicroelectronics.FP-ATR-ASTRA1.2.0.0
2023-11-19 11:48:43,629 [INFO] ThirdParty:978 - Integrity check success = true
2023-11-19 11:48:43,629 [INFO] IntegrityCheckThread:100 - exiting critical section [integrity check]
2023-11-19 11:48:43,629 [INFO] IntegrityCheckThread:103 - End integrity checks thread
2023-11-19 11:49:01,062 [INFO] Activator:176 - 


2023-11-19 11:49:01,064 [INFO] Activator:177 - !SESSION log4j initialized
2023-11-19 11:49:03,690 [INFO] LogOutputStream:77 - [STDOUT_REDIRECT] 
2023-11-19 11:49:08,741 [INFO] ApplicationProperties:184 - Using Application install path: C:\ST\STM32CubeIDE_1.13.2\STM32CubeIDE\plugins\com.st.stm32cube.common.mx_6.9.2.202309101412
2023-11-19 11:49:08,758 [INFO] DbMcusXml:78 - Set database path to: C:\ST\STM32CubeIDE_1.13.2\STM32CubeIDE\plugins\com.st.stm32cube.common.mx_6.9.2.202309101412\\db\/mcu/
2023-11-19 11:49:08,758 [INFO] ApiDb:274 - Set plugin database path to: C:\ST\STM32CubeIDE_1.13.2\STM32CubeIDE\plugins\com.st.stm32cube.common.mx_6.9.2.202309101412\\db\/plugins/boardmanager/
2023-11-19 11:49:08,758 [WARN] ApiDb:259 - Overriding images path with different value:  => C:\ST\STM32CubeIDE_1.13.2\STM32CubeIDE\plugins\com.st.stm32cube.common.mx_6.9.2.202309101412\\db\/plugins/mcufinder/images/
2023-11-19 11:49:08,768 [INFO] ApiDb:250 - Set database path to: C:\Users\david\.stmcufinder\plugins\mcufinder//mcu/
2023-11-19 11:49:08,769 [INFO] DbMcusAds:125 - Set database path to: C:\Users\david\.stmcufinder\plugins\mcufinder//mcu/
2023-11-19 11:49:08,772 [INFO] CrossReferenceDbSqlite:203 - Set database path to: C:\Users\david\.stmcufinder\plugins\mcufinder//mcu/cs/
2023-11-19 11:49:08,875 [INFO] RulesReader:64 - Compatibility file has been processed (293 Rules)
2023-11-19 11:49:08,963 [INFO] DbMcusXml:78 - Set database path to: C:\ST\STM32CubeIDE_1.13.2\STM32CubeIDE\plugins\com.st.stm32cube.common.mx_6.9.2.202309101412\\db\/mcu/
2023-11-19 11:49:08,964 [INFO] ApiDb:274 - Set plugin database path to: C:\ST\STM32CubeIDE_1.13.2\STM32CubeIDE\plugins\com.st.stm32cube.common.mx_6.9.2.202309101412\\db\/plugins/boardmanager/
2023-11-19 11:49:08,964 [INFO] ApiDb:261 - Set plugin images path to: C:\ST\STM32CubeIDE_1.13.2\STM32CubeIDE\plugins\com.st.stm32cube.common.mx_6.9.2.202309101412\\db\/plugins/mcufinder/images/
2023-11-19 11:49:08,964 [WARN] DbFile:41 - Overriding database path with different value: C:\Users\david\.stmcufinder\plugins\mcufinder/ => C:\Users\david\.stmcufinder\plugins\mcufinder
2023-11-19 11:49:08,964 [INFO] ApiDb:250 - Set database path to: C:\Users\david\.stmcufinder\plugins\mcufinder//mcu/
2023-11-19 11:49:08,964 [WARN] DbFile:41 - Overriding database path with different value: C:\Users\david\.stmcufinder\plugins\mcufinder/ => C:\Users\david\.stmcufinder\plugins\mcufinder
2023-11-19 11:49:08,964 [INFO] DbMcusAds:125 - Set database path to: C:\Users\david\.stmcufinder\plugins\mcufinder//mcu/
2023-11-19 11:49:08,965 [WARN] DbFile:41 - Overriding database path with different value: C:\Users\david\.stmcufinder\plugins\mcufinder/ => C:\Users\david\.stmcufinder\plugins\mcufinder
2023-11-19 11:49:08,965 [WARN] DbFile:41 - Overriding database path with different value: C:\Users\david\.stmcufinder\plugins\mcufinder/ => C:\Users\david\.stmcufinder\plugins\mcufinder
2023-11-19 11:49:08,965 [INFO] CrossReferenceDbSqlite:203 - Set database path to: C:\Users\david\.stmcufinder\plugins\mcufinder//mcu/cs/
2023-11-19 11:49:09,031 [INFO] MainPanel:262 - HeapMemory: 268435456
2023-11-19 11:49:09,077 [INFO] DbMcusXml:78 - Set database path to: C:\ST\STM32CubeIDE_1.13.2\STM32CubeIDE\plugins\com.st.stm32cube.common.mx_6.9.2.202309101412\\db\/mcu/
2023-11-19 11:49:09,077 [INFO] ApiDb:274 - Set plugin database path to: C:\ST\STM32CubeIDE_1.13.2\STM32CubeIDE\plugins\com.st.stm32cube.common.mx_6.9.2.202309101412\\db\/plugins/boardmanager/
2023-11-19 11:49:09,077 [INFO] ApiDb:261 - Set plugin images path to: C:\ST\STM32CubeIDE_1.13.2\STM32CubeIDE\plugins\com.st.stm32cube.common.mx_6.9.2.202309101412\\db\/plugins/mcufinder/images/
2023-11-19 11:49:09,077 [WARN] DbFile:41 - Overriding database path with different value: C:\Users\david\.stmcufinder\plugins\mcufinder/ => C:\Users\david\.stmcufinder\plugins\mcufinder
2023-11-19 11:49:09,077 [INFO] ApiDb:250 - Set database path to: C:\Users\david\.stmcufinder\plugins\mcufinder//mcu/
2023-11-19 11:49:09,077 [WARN] DbFile:41 - Overriding database path with different value: C:\Users\david\.stmcufinder\plugins\mcufinder/ => C:\Users\david\.stmcufinder\plugins\mcufinder
2023-11-19 11:49:09,077 [INFO] DbMcusAds:125 - Set database path to: C:\Users\david\.stmcufinder\plugins\mcufinder//mcu/
2023-11-19 11:49:09,077 [WARN] DbFile:41 - Overriding database path with different value: C:\Users\david\.stmcufinder\plugins\mcufinder/ => C:\Users\david\.stmcufinder\plugins\mcufinder
2023-11-19 11:49:09,077 [WARN] DbFile:41 - Overriding database path with different value: C:\Users\david\.stmcufinder\plugins\mcufinder/ => C:\Users\david\.stmcufinder\plugins\mcufinder
2023-11-19 11:49:09,077 [INFO] CrossReferenceDbSqlite:203 - Set database path to: C:\Users\david\.stmcufinder\plugins\mcufinder//mcu/cs/
2023-11-19 11:49:09,093 [INFO] ApplicationProperties:184 - Using Application install path: C:\ST\STM32CubeIDE_1.13.2\STM32CubeIDE\plugins\com.st.stm32cube.common.mx_6.9.2.202309101412
2023-11-19 11:49:09,095 [INFO] PluginManage:196 - Search for loadable plugins [exclusion list=, ]
2023-11-19 11:49:09,095 [INFO] PluginManage:310 - Check plugin analytics
2023-11-19 11:49:09,229 [INFO] AnalyticsPlugin:253 - Accepted Software Licenses: 
2023-11-19 11:49:09,230 [INFO] AnalyticsPlugin:255 - Accepted CMSIS Pack Licenses: 
2023-11-19 11:49:09,230 [INFO] AnalyticsPlugin:257 - Accepted Firmware Licenses: FW.F4.1.27.0
2023-11-19 11:49:09,233 [INFO] PluginManage:359 - Loaded plugin analytics (category:tool,tabindex:-1)
2023-11-19 11:49:09,234 [INFO] PluginManage:310 - Check plugin cadmodel
2023-11-19 11:49:09,237 [INFO] CADModel:105 - Init CAD model plugin
2023-11-19 11:49:09,238 [INFO] PluginManage:359 - Loaded plugin cadmodel (category:power,tabindex:5)
2023-11-19 11:49:09,238 [INFO] PluginManage:310 - Check plugin clock
2023-11-19 11:49:09,245 [INFO] PluginManage:359 - Loaded plugin clock (category:base,tabindex:2)
2023-11-19 11:49:09,245 [INFO] PluginManage:310 - Check plugin ddr
2023-11-19 11:49:09,247 [INFO] PluginManage:359 - Loaded plugin ddr (category:tool,tabindex:6)
2023-11-19 11:49:09,247 [INFO] PluginManage:310 - Check plugin filemanager
2023-11-19 11:49:09,349 [INFO] PluginManage:359 - Loaded plugin filemanager (category:base,tabindex:10)
2023-11-19 11:49:09,349 [INFO] PluginManage:310 - Check plugin ipmanager
2023-11-19 11:49:09,358 [INFO] PluginManage:359 - Loaded plugin ipmanager (category:base,tabindex:5)
2023-11-19 11:49:09,358 [INFO] PluginManage:310 - Check plugin lpbam
2023-11-19 11:49:09,365 [INFO] PluginManage:359 - Loaded plugin lpbam (category:base,tabindex:0)
2023-11-19 11:49:09,365 [INFO] PluginManage:310 - Check plugin memorymap
2023-11-19 11:49:09,375 [INFO] PluginManage:359 - Loaded plugin memorymap (category:base,tabindex:4)
2023-11-19 11:49:09,375 [INFO] PluginManage:310 - Check plugin pinoutandconfiguration
2023-11-19 11:49:09,381 [INFO] PluginManage:359 - Loaded plugin pinoutandconfiguration (category:base,tabindex:1)
2023-11-19 11:49:09,381 [INFO] PluginManage:310 - Check plugin pinoutconfig
2023-11-19 11:49:09,458 [WARN] SupportedApi:132 - Cannot load RTOS API schema: s4s-elt-must-match.1: The content of 'definitions' must match (annotation?, (simpleType | complexType)?, (unique | key | keyref)*)). A problem was found starting at: attribute.
2023-11-19 11:49:09,551 [INFO] PluginManage:359 - Loaded plugin pinoutconfig (category:base,tabindex:0)
2023-11-19 11:49:09,551 [INFO] PluginManage:310 - Check plugin power
2023-11-19 11:49:09,557 [INFO] PluginManage:359 - Loaded plugin power (category:power,tabindex:4)
2023-11-19 11:49:09,557 [INFO] PluginManage:310 - Check plugin projectmanager
2023-11-19 11:49:09,567 [INFO] PluginManage:359 - Loaded plugin projectmanager (category:projectmanager,tabindex:3)
2023-11-19 11:49:09,567 [INFO] PluginManage:310 - Check plugin thirdparty
2023-11-19 11:49:09,658 [INFO] PluginManage:359 - Loaded plugin thirdparty (category:base,tabindex:-1)
2023-11-19 11:49:09,658 [INFO] PluginManage:310 - Check plugin tools
2023-11-19 11:49:09,658 [WARN] IntegrityCheckThread:84 - waiting for thirdparty lock release [integrity check]
2023-11-19 11:49:09,658 [INFO] IntegrityCheckThread:86 - entering critical section [integrity check]
2023-11-19 11:49:09,659 [INFO] ThirdPartyUpdaterWithRetryManager:70 - Updater plugin not ready yet. [1/15]
2023-11-19 11:49:09,660 [INFO] PluginManage:359 - Loaded plugin tools (category:base,tabindex:7)
2023-11-19 11:49:09,660 [INFO] PluginManage:310 - Check plugin tutovideos
2023-11-19 11:49:09,774 [INFO] PluginManage:359 - Loaded plugin tutovideos (category:base,tabindex:-1)
2023-11-19 11:49:09,775 [INFO] PluginManage:310 - Check plugin updater
2023-11-19 11:49:09,781 [INFO] PluginManage:359 - Loaded plugin updater (category:base,tabindex:12)
2023-11-19 11:49:09,781 [INFO] PluginManage:310 - Check plugin userauth
2023-11-19 11:49:09,784 [INFO] UserAuth:113 - Init User Auth plugin
2023-11-19 11:49:09,784 [INFO] PluginManage:359 - Loaded plugin userauth (category:base,tabindex:14)
2023-11-19 11:49:09,784 [INFO] PluginManage:283 - PluginManage : Loaded plugins [17]
2023-11-19 11:49:09,955 [INFO] PinOutPanel:1499 - setPackage(No Configuration,No Configuration)
2023-11-19 11:49:10,059 [INFO] CADModel:165 - CPN selected for project level
2023-11-19 11:49:10,059 [INFO] CADModel:114 - Register for checkConnection events
2023-11-19 11:49:10,070 [INFO] IPUIPlugin:80 - create IPUIPlugin
2023-11-19 11:49:10,070 [INFO] PluginManager:220 - loadIPPluginJar : add adc
2023-11-19 11:49:10,072 [INFO] IPUIPlugin:80 - create IPUIPlugin
2023-11-19 11:49:10,073 [INFO] PluginManager:220 - loadIPPluginJar : add aes
2023-11-19 11:49:10,075 [INFO] IPUIPlugin:80 - create IPUIPlugin
2023-11-19 11:49:10,075 [INFO] PluginManager:220 - loadIPPluginJar : add can
2023-11-19 11:49:10,076 [INFO] IPUIPlugin:80 - create IPUIPlugin
2023-11-19 11:49:10,076 [INFO] PluginManager:220 - loadIPPluginJar : add comp
2023-11-19 11:49:10,078 [INFO] IPUIPlugin:80 - create IPUIPlugin
2023-11-19 11:49:10,079 [INFO] PluginManager:220 - loadIPPluginJar : add cryp
2023-11-19 11:49:10,081 [INFO] IPUIPlugin:80 - create IPUIPlugin
2023-11-19 11:49:10,081 [INFO] PluginManager:220 - loadIPPluginJar : add dfsdm
2023-11-19 11:49:10,085 [INFO] IPUIPlugin:80 - create IPUIPlugin
2023-11-19 11:49:10,085 [INFO] PluginManager:220 - loadIPPluginJar : add dma
2023-11-19 11:49:10,087 [INFO] IPUIPlugin:80 - create IPUIPlugin
2023-11-19 11:49:10,087 [INFO] PluginManager:220 - loadIPPluginJar : add dma3
2023-11-19 11:49:10,088 [INFO] IPUIPlugin:80 - create IPUIPlugin
2023-11-19 11:49:10,088 [INFO] PluginManager:220 - loadIPPluginJar : add fatfs
2023-11-19 11:49:10,091 [INFO] IPUIPlugin:80 - create IPUIPlugin
2023-11-19 11:49:10,091 [INFO] PluginManager:220 - loadIPPluginJar : add fmc
2023-11-19 11:49:10,094 [INFO] IPUIPlugin:80 - create IPUIPlugin
2023-11-19 11:49:10,094 [INFO] PluginManager:220 - loadIPPluginJar : add freertos
2023-11-19 11:49:10,096 [INFO] IPUIPlugin:80 - create IPUIPlugin
2023-11-19 11:49:10,096 [INFO] PluginManager:220 - loadIPPluginJar : add genericplugin
2023-11-19 11:49:10,097 [INFO] IPUIPlugin:80 - create IPUIPlugin
2023-11-19 11:49:10,097 [INFO] PluginManager:220 - loadIPPluginJar : add gfxmmu
2023-11-19 11:49:10,100 [INFO] IPUIPlugin:80 - create IPUIPlugin
2023-11-19 11:49:10,100 [INFO] PluginManager:220 - loadIPPluginJar : add gic
2023-11-19 11:49:10,103 [INFO] IPUIPlugin:80 - create IPUIPlugin
2023-11-19 11:49:10,103 [INFO] PluginManager:220 - loadIPPluginJar : add gpio
2023-11-19 11:49:10,105 [INFO] IPUIPlugin:80 - create IPUIPlugin
2023-11-19 11:49:10,105 [INFO] PluginManager:220 - loadIPPluginJar : add gtzc
2023-11-19 11:49:10,107 [INFO] IPUIPlugin:80 - create IPUIPlugin
2023-11-19 11:49:10,107 [INFO] PluginManager:220 - loadIPPluginJar : add hash
2023-11-19 11:49:10,109 [INFO] IPUIPlugin:80 - create IPUIPlugin
2023-11-19 11:49:10,109 [INFO] PluginManager:220 - loadIPPluginJar : add i2c
2023-11-19 11:49:10,110 [INFO] IPUIPlugin:80 - create IPUIPlugin
2023-11-19 11:49:10,110 [INFO] PluginManager:220 - loadIPPluginJar : add i2s
2023-11-19 11:49:10,112 [INFO] IPUIPlugin:80 - create IPUIPlugin
2023-11-19 11:49:10,112 [INFO] PluginManager:220 - loadIPPluginJar : add i3c
2023-11-19 11:49:10,114 [INFO] IPUIPlugin:80 - create IPUIPlugin
2023-11-19 11:49:10,114 [INFO] PluginManager:220 - loadIPPluginJar : add ipddr
2023-11-19 11:49:10,119 [INFO] IPUIPlugin:80 - create IPUIPlugin
2023-11-19 11:49:10,119 [INFO] PluginManager:220 - loadIPPluginJar : add linkedlist
2023-11-19 11:49:10,122 [INFO] IPUIPlugin:80 - create IPUIPlugin
2023-11-19 11:49:10,122 [INFO] PluginManager:220 - loadIPPluginJar : add lorawan
2023-11-19 11:49:10,123 [INFO] IPUIPlugin:80 - create IPUIPlugin
2023-11-19 11:49:10,123 [INFO] PluginManager:220 - loadIPPluginJar : add ltdc
2023-11-19 11:49:10,126 [INFO] IPUIPlugin:80 - create IPUIPlugin
2023-11-19 11:49:10,127 [INFO] PluginManager:220 - loadIPPluginJar : add mdma
2023-11-19 11:49:10,129 [INFO] IPUIPlugin:80 - create IPUIPlugin
2023-11-19 11:49:10,129 [INFO] PluginManager:220 - loadIPPluginJar : add nvic
2023-11-19 11:49:10,131 [INFO] IPUIPlugin:80 - create IPUIPlugin
2023-11-19 11:49:10,131 [INFO] PluginManager:220 - loadIPPluginJar : add opamp
2023-11-19 11:49:10,133 [INFO] IPUIPlugin:80 - create IPUIPlugin
2023-11-19 11:49:10,133 [INFO] PluginManager:220 - loadIPPluginJar : add openamp
2023-11-19 11:49:10,135 [INFO] IPUIPlugin:80 - create IPUIPlugin
2023-11-19 11:49:10,136 [INFO] PluginManager:220 - loadIPPluginJar : add pdm2pcm
2023-11-19 11:49:10,139 [INFO] IPUIPlugin:80 - create IPUIPlugin
2023-11-19 11:49:10,141 [INFO] PluginManager:220 - loadIPPluginJar : add plateformsettings
2023-11-19 11:49:10,143 [INFO] IPUIPlugin:80 - create IPUIPlugin
2023-11-19 11:49:10,143 [INFO] PluginManager:220 - loadIPPluginJar : add quadspi
2023-11-19 11:49:10,145 [INFO] IPUIPlugin:80 - create IPUIPlugin
2023-11-19 11:49:10,145 [INFO] PluginManager:220 - loadIPPluginJar : add resmgrutility
2023-11-19 11:49:10,148 [INFO] IPUIPlugin:80 - create IPUIPlugin
2023-11-19 11:49:10,148 [INFO] PluginManager:220 - loadIPPluginJar : add sai
2023-11-19 11:49:10,150 [INFO] IPUIPlugin:80 - create IPUIPlugin
2023-11-19 11:49:10,150 [INFO] PluginManager:220 - loadIPPluginJar : add spi
2023-11-19 11:49:10,154 [INFO] IPUIPlugin:80 - create IPUIPlugin
2023-11-19 11:49:10,154 [INFO] PluginManager:220 - loadIPPluginJar : add stm32_wpan
2023-11-19 11:49:10,155 [INFO] IPUIPlugin:80 - create IPUIPlugin
2023-11-19 11:49:10,155 [INFO] PluginManager:220 - loadIPPluginJar : add tim
2023-11-19 11:49:10,158 [INFO] IPUIPlugin:80 - create IPUIPlugin
2023-11-19 11:49:10,158 [INFO] PluginManager:220 - loadIPPluginJar : add touchsensing
2023-11-19 11:49:10,160 [INFO] IPUIPlugin:80 - create IPUIPlugin
2023-11-19 11:49:10,160 [INFO] PluginManager:220 - loadIPPluginJar : add tracer_emb
2023-11-19 11:49:10,162 [INFO] IPUIPlugin:80 - create IPUIPlugin
2023-11-19 11:49:10,162 [INFO] PluginManager:220 - loadIPPluginJar : add ts
2023-11-19 11:49:10,163 [INFO] IPUIPlugin:80 - create IPUIPlugin
2023-11-19 11:49:10,164 [INFO] PluginManager:220 - loadIPPluginJar : add tsc
2023-11-19 11:49:10,165 [INFO] IPUIPlugin:80 - create IPUIPlugin
2023-11-19 11:49:10,165 [INFO] PluginManager:220 - loadIPPluginJar : add ucpd
2023-11-19 11:49:10,167 [INFO] IPUIPlugin:80 - create IPUIPlugin
2023-11-19 11:49:10,167 [INFO] PluginManager:220 - loadIPPluginJar : add usart
2023-11-19 11:49:10,170 [INFO] IPUIPlugin:80 - create IPUIPlugin
2023-11-19 11:49:10,170 [INFO] PluginManager:220 - loadIPPluginJar : add usbx
2023-11-19 11:49:10,288 [INFO] CADModel:165 - CPN selected for project level
2023-11-19 11:49:10,289 [INFO] CADModel:114 - Register for checkConnection events
2023-11-19 11:49:10,289 [FATAL] Updater:308 - Updater called before beeing initialized
2023-11-19 11:49:10,289 [ERROR] CADModel:125 - Updater not yet initialized, retry later 
2023-11-19 11:49:10,398 [INFO] CADModel:165 - CPN selected for project level
2023-11-19 11:49:10,398 [INFO] CADModel:114 - Register for checkConnection events
2023-11-19 11:49:10,399 [FATAL] Updater:308 - Updater called before beeing initialized
2023-11-19 11:49:10,399 [ERROR] CADModel:125 - Updater not yet initialized, retry later 
2023-11-19 11:49:10,401 [FATAL] Updater:308 - Updater called before beeing initialized
2023-11-19 11:49:10,486 [FATAL] Updater:308 - Updater called before beeing initialized
2023-11-19 11:49:10,491 [INFO] DbMcusAds:53 - JSON generation date=Tue Mar 07 03:50:55 EST 2023 (1678179055335)
2023-11-19 11:49:10,491 [FATAL] Updater:308 - Updater called before beeing initialized
2023-11-19 11:49:10,521 [WARN] DetailPanel:346 - Failed to get advertising image, set to default
2023-11-19 11:49:10,621 [FATAL] Updater:308 - Updater called before beeing initialized
2023-11-19 11:49:10,622 [FATAL] Updater:308 - Updater called before beeing initialized
2023-11-19 11:49:10,623 [FATAL] Updater:308 - Updater called before beeing initialized
2023-11-19 11:49:10,623 [WARN] DetailPanel:346 - Failed to get advertising image, set to default
2023-11-19 11:49:10,623 [FATAL] Updater:308 - Updater called before beeing initialized
2023-11-19 11:49:10,659 [ERROR] Updater:1120 - MainUpdater not yet initialized. External WinMGr cannot be set.
2023-11-19 11:49:10,661 [INFO] Updater:1056 - Updater Version found : 6.9.2
2023-11-19 11:49:10,672 [INFO] ApplicationProperties:184 - Using Application install path: C:\ST\STM32CubeIDE_1.13.2\STM32CubeIDE\plugins\com.st.stm32cube.common.mx_6.9.2.202309101412
2023-11-19 11:49:10,751 [INFO] MainUpdater:2868 - connection check result : 10
2023-11-19 11:49:10,752 [INFO] MainUpdater:285 - Updater Check For Update Now.
2023-11-19 11:49:10,752 [INFO] MicroXplorer:498 - Change Database Version : DB.6.0.92
2023-11-19 11:49:10,757 [INFO] McuFinderGlobals:63 - Set McuFinder mode to 2 (CubeIDE integrated)
2023-11-19 11:49:10,912 [INFO] CheckServerUpdateThread:120 - End of CheckServer Thread
2023-11-19 11:49:12,810 [WARN] PackLoader:240 - Cannot read IP mode file for STMicroelectronics.X-CUBE-SMBUS.2.1.0
2023-11-19 11:49:12,837 [WARN] PackLoader:240 - Cannot read IP mode file for STMicroelectronics.X-CUBE-AZRTOS-F7.1.1.0
2023-11-19 11:49:12,851 [WARN] PackLoader:240 - Cannot read IP mode file for STMicroelectronics.FP-SNS-MOTENV1.4.3.2
2023-11-19 11:49:12,858 [WARN] PackLoader:240 - Cannot read IP mode file for STMicroelectronics.FP-SNS-FLIGHT1.5.0.2
2023-11-19 11:49:12,865 [WARN] PackLoader:240 - Cannot read IP mode file for STMicroelectronics.X-CUBE-DISPLAY.3.0.0
2023-11-19 11:49:12,876 [WARN] PackLoader:240 - Cannot read IP mode file for STMicroelectronics.X-CUBE-BLE1.7.0.0
2023-11-19 11:49:12,881 [WARN] PackLoader:240 - Cannot read IP mode file for emotas.I-CUBE-CANOPEN.1.3.0
2023-11-19 11:49:12,885 [WARN] PackLoader:240 - Cannot read IP mode file for STMicroelectronics.X-CUBE-TOUCHGFX.4.22.1
2023-11-19 11:49:12,889 [WARN] PackLoader:240 - Cannot read IP mode file for STMicroelectronics.FP-SNS-SMARTAG2.1.2.0
2023-11-19 11:49:12,899 [INFO] LogOutputStream:77 - [STDOUT_REDIRECT] 1 : Invalid condition id : UX_CORESTACK_Condition cause : null
2023-11-19 11:49:12,899 [INFO] LogOutputStream:77 - [STDOUT_REDIRECT] 1 : Invalid condition id : UX_CORESTACK_Condition cause : null
2023-11-19 11:49:12,901 [INFO] LogOutputStream:77 - [STDOUT_REDIRECT] 1 : Invalid condition id : UX_CORESTACK_Condition cause : null
2023-11-19 11:49:12,902 [INFO] LogOutputStream:77 - [STDOUT_REDIRECT] 1 : Invalid condition id : UX_CORESTACK_Condition cause : null
2023-11-19 11:49:12,903 [INFO] LogOutputStream:77 - [STDOUT_REDIRECT] 1 : Invalid condition id : UX_CORESTACK_Condition cause : null
2023-11-19 11:49:12,906 [WARN] PackLoader:240 - Cannot read IP mode file for STMicroelectronics.X-CUBE-AZRTOS-WL.2.0.0
2023-11-19 11:49:12,913 [WARN] PackLoader:240 - Cannot read IP mode file for WES.I-CUBE-Cesium.1.3.0
2023-11-19 11:49:12,918 [WARN] PackLoader:240 - Cannot read IP mode file for STMicroelectronics.X-CUBE-BLE2.3.3.0
2023-11-19 11:49:12,923 [WARN] PackLoader:240 - Cannot read IP mode file for STMicroelectronics.X-CUBE-ALGOBUILD.1.3.0
2023-11-19 11:49:12,935 [WARN] PackLoader:240 - Cannot read IP mode file for STMicroelectronics.X-CUBE-AZRTOS-G0.1.1.0
2023-11-19 11:49:12,941 [WARN] PackLoader:240 - Cannot read IP mode file for STMicroelectronics.X-CUBE-NFC4.3.0.0
2023-11-19 11:49:12,948 [WARN] PackLoader:240 - Cannot read IP mode file for STMicroelectronics.X-CUBE-BLEMGR.3.0.0
2023-11-19 11:49:12,953 [WARN] PackLoader:240 - Cannot read IP mode file for STMicroelectronics.FP-ATR-SIGFOX1.3.2.0
2023-11-19 11:49:12,958 [WARN] PackLoader:240 - Cannot read IP mode file for STMicroelectronics.X-CUBE-GNSS1.6.0.0
2023-11-19 11:49:12,970 [WARN] PackLoader:240 - Cannot read IP mode file for STMicroelectronics.X-CUBE-AZRTOS-F4.1.1.0
2023-11-19 11:49:12,977 [WARN] PackLoader:240 - Cannot read IP mode file for wolfSSL.I-CUBE-wolfSSL.5.6.3
2023-11-19 11:49:12,987 [WARN] PackLoader:240 - Cannot read IP mode file for STMicroelectronics.X-CUBE-AZRTOS-L5.2.0.0
2023-11-19 11:49:12,994 [WARN] PackLoader:240 - Cannot read IP mode file for STMicroelectronics.X-CUBE-EEPRMA1.4.2.0
2023-11-19 11:49:12,999 [WARN] PackLoader:240 - Cannot read IP mode file for ITTIA_DB.I-CUBE-ITTIADB.8.8.0
2023-11-19 11:49:13,004 [WARN] PackLoader:240 - Cannot read IP mode file for STMicroelectronics.X-CUBE-BLEMGR.2.0.0
2023-11-19 11:49:13,016 [WARN] ConditionMgr:438 - getConditionDescription Invalid condition id : UX DEVICE CLASS RTOS Condition cause : null
2023-11-19 11:49:13,016 [WARN] ConditionMgr:438 - getConditionDescription Invalid condition id : UX DEVICE CLASS RTOS Condition cause : null
2023-11-19 11:49:13,018 [WARN] PackLoader:240 - Cannot read IP mode file for STMicroelectronics.X-CUBE-AZRTOS-H7.3.1.0
2023-11-19 11:49:13,019 [WARN] ConditionMgr:1039 - genDependencies : Invalid condition id : UX DEVICE CLASS RTOS Condition cause : null
2023-11-19 11:49:13,019 [WARN] ConditionMgr:1039 - genDependencies : Invalid condition id : UX DEVICE CLASS RTOS Condition cause : null
2023-11-19 11:49:13,019 [WARN] ConditionMgr:1039 - genDependencies : Invalid condition id : UX DEVICE CLASS RTOS Condition cause : null
2023-11-19 11:49:13,020 [WARN] ConditionMgr:1039 - genDependencies : Invalid condition id : UX DEVICE CLASS RTOS Condition cause : null
2023-11-19 11:49:13,020 [WARN] ConditionMgr:1039 - genDependencies : Invalid condition id : UX DEVICE CLASS RTOS Condition cause : null
2023-11-19 11:49:13,025 [WARN] PackLoader:240 - Cannot read IP mode file for STMicroelectronics.X-CUBE-NFC7.1.0.1
2023-11-19 11:49:13,031 [WARN] PackLoader:240 - Cannot read IP mode file for STMicroelectronics.X-CUBE-NFC6.3.0.0
2023-11-19 11:49:13,036 [WARN] PackLoader:240 - Cannot read IP mode file for STMicroelectronics.X-CUBE-AI.8.1.0
2023-11-19 11:49:13,048 [WARN] ConditionMgr:438 - getConditionDescription Invalid condition id : LAN8742 Phy interface Condition cause : null
2023-11-19 11:49:13,049 [WARN] PackLoader:240 - Cannot read IP mode file for STMicroelectronics.X-CUBE-AZRTOS-L4.2.0.0
2023-11-19 11:49:13,050 [WARN] ConditionMgr:1039 - genDependencies : Invalid condition id : LAN8742 Phy interface Condition cause : null
2023-11-19 11:49:13,050 [WARN] ConditionMgr:1039 - genDependencies : Invalid condition id : LAN8742 Phy interface Condition cause : null
2023-11-19 11:49:13,050 [WARN] ConditionMgr:1039 - genDependencies : Invalid condition id : LAN8742 Phy interface Condition cause : null
2023-11-19 11:49:13,056 [WARN] PackLoader:240 - Cannot read IP mode file for STMicroelectronics.X-CUBE-SFXS2LP1.4.0.0
2023-11-19 11:49:13,061 [WARN] PackLoader:240 - Cannot read IP mode file for STMicroelectronics.X-CUBE-ISPU.1.1.0
2023-11-19 11:49:13,070 [WARN] ConditionMgr:438 - getConditionDescription Invalid condition id : UX DEVICE CLASS RTOS Condition cause : null
2023-11-19 11:49:13,070 [WARN] ConditionMgr:438 - getConditionDescription Invalid condition id : UX DEVICE CLASS RTOS Condition cause : null
2023-11-19 11:49:13,071 [WARN] PackLoader:240 - Cannot read IP mode file for STMicroelectronics.X-CUBE-AZRTOS-WB.2.0.0
2023-11-19 11:49:13,072 [WARN] ConditionMgr:1039 - genDependencies : Invalid condition id : UX DEVICE CLASS RTOS Condition cause : null
2023-11-19 11:49:13,072 [WARN] ConditionMgr:1039 - genDependencies : Invalid condition id : UX DEVICE CLASS RTOS Condition cause : null
2023-11-19 11:49:13,072 [WARN] ConditionMgr:1039 - genDependencies : Invalid condition id : UX DEVICE CLASS RTOS Condition cause : null
2023-11-19 11:49:13,072 [WARN] ConditionMgr:1039 - genDependencies : Invalid condition id : UX DEVICE CLASS RTOS Condition cause : null
2023-11-19 11:49:13,072 [WARN] ConditionMgr:1039 - genDependencies : Invalid condition id : UX DEVICE CLASS RTOS Condition cause : null
2023-11-19 11:49:13,085 [WARN] PackLoader:240 - Cannot read IP mode file for STMicroelectronics.X-CUBE-SUBG2.5.0.0
2023-11-19 11:49:13,095 [WARN] PackLoader:240 - Cannot read IP mode file for STMicroelectronics.X-CUBE-TOF1.3.3.1
2023-11-19 11:49:13,110 [WARN] PackLoader:240 - Cannot read IP mode file for STMicroelectronics.X-CUBE-AZRTOS-G4.2.0.0
2023-11-19 11:49:13,122 [WARN] PackLoader:240 - Cannot read IP mode file for Infineon.AIROC-Wi-Fi-Bluetooth-STM32.1.5.1
2023-11-19 11:49:13,130 [WARN] PackLoader:240 - Cannot read IP mode file for STMicroelectronics.FP-SNS-MOTENVWB1.1.3.0
2023-11-19 11:49:13,156 [WARN] PackLoader:240 - Cannot read IP mode file for STMicroelectronics.X-CUBE-MEMS1.10.0.0
2023-11-19 11:49:13,256 [WARN] PackLoader:240 - Cannot read IP mode file for STMicroelectronics.X-CUBE-FREERTOS.1.1.0
2023-11-19 11:49:13,261 [WARN] PackLoader:240 - Cannot read IP mode file for portGmbH.I-Cube-SoM-uGOAL.1.1.0
2023-11-19 11:49:13,265 [WARN] PackLoader:240 - Cannot read IP mode file for STMicroelectronics.X-CUBE-ALS.1.0.1
2023-11-19 11:49:13,268 [WARN] PackLoader:240 - Cannot read IP mode file for STMicroelectronics.FP-ATR-ASTRA1.2.0.0
2023-11-19 11:49:13,269 [INFO] ThirdParty:978 - Integrity check success = true
2023-11-19 11:49:13,269 [INFO] IntegrityCheckThread:100 - exiting critical section [integrity check]
2023-11-19 11:49:13,269 [INFO] IntegrityCheckThread:103 - End integrity checks thread
2023-11-19 11:49:31,368 [ERROR] LogOutputStream:75 - [STDERR_REDIRECT] SLF4J: Failed to load class "org.slf4j.impl.StaticLoggerBinder".
2023-11-19 11:49:31,368 [ERROR] LogOutputStream:75 - [STDERR_REDIRECT] SLF4J: Defaulting to no-operation (NOP) logger implementation
2023-11-19 11:49:31,370 [ERROR] LogOutputStream:75 - [STDERR_REDIRECT] SLF4J: See http://www.slf4j.org/codes.html#StaticLoggerBinder for further details.
